TN:
SF:src/adapters.ts
FN:49,navigationPolicy
FN:51,(anonymous_1)
FN:54,(anonymous_2)
FN:55,(anonymous_3)
FN:101,defaultContext
FN:116,aiGenerate
FN:132,canonicalFiles
FN:158,engineBody
FN:168,engineFiles
FN:173,(anonymous_9)
FN:176,(anonymous_10)
FN:180,(anonymous_11)
FN:192,(anonymous_12)
FN:219,agentFiles
FN:247,aiEnrichRole
FN:278,briefName
FN:284,dispatchPrompt
FN:286,(anonymous_17)
FN:287,(anonymous_18)
FN:309,(anonymous_19)
FN:310,(anonymous_20)
FN:310,(anonymous_21)
FNF:22
FNH:0
FNDA:0,navigationPolicy
FNDA:0,(anonymous_1)
FNDA:0,(anonymous_2)
FNDA:0,(anonymous_3)
FNDA:0,defaultContext
FNDA:0,aiGenerate
FNDA:0,canonicalFiles
FNDA:0,engineBody
FNDA:0,engineFiles
FNDA:0,(anonymous_9)
FNDA:0,(anonymous_10)
FNDA:0,(anonymous_11)
FNDA:0,(anonymous_12)
FNDA:0,agentFiles
FNDA:0,aiEnrichRole
FNDA:0,briefName
FNDA:0,dispatchPrompt
FNDA:0,(anonymous_17)
FNDA:0,(anonymous_18)
FNDA:0,(anonymous_19)
FNDA:0,(anonymous_20)
FNDA:0,(anonymous_21)
DA:10,0
DA:36,0
DA:43,0
DA:50,0
DA:51,0
DA:52,0
DA:53,0
DA:54,0
DA:55,0
DA:56,0
DA:57,0
DA:58,0
DA:60,0
DA:61,0
DA:68,0
DA:86,0
DA:102,0
DA:117,0
DA:118,0
DA:121,0
DA:127,0
DA:128,0
DA:133,0
DA:140,0
DA:143,0
DA:144,0
DA:145,0
DA:146,0
DA:147,0
DA:159,0
DA:160,0
DA:161,0
DA:162,0
DA:163,0
DA:165,0
DA:173,0
DA:174,0
DA:175,0
DA:176,0
DA:179,0
DA:181,0
DA:183,0
DA:185,0
DA:187,0
DA:189,0
DA:194,0
DA:225,0
DA:226,0
DA:227,0
DA:228,0
DA:229,0
DA:230,0
DA:231,0
DA:232,0
DA:235,0
DA:248,0
DA:249,0
DA:250,0
DA:260,0
DA:261,0
DA:262,0
DA:263,0
DA:279,0
DA:285,0
DA:286,0
DA:287,0
DA:288,0
DA:290,0
DA:297,0
DA:298,0
DA:299,0
DA:300,0
DA:301,0
DA:302,0
DA:303,0
DA:305,0
DA:309,0
DA:310,0
DA:311,0
DA:312,0
DA:313,0
DA:314,0
DA:318,0
DA:319,0
DA:323,0
DA:327,0
DA:328,0
DA:329,0
DA:330,0
DA:331,0
DA:338,0
DA:345,0
LF:92
LH:0
BRDA:50,0,0,0
BRDA:50,0,1,0
BRDA:52,1,0,0
BRDA:52,1,1,0
BRDA:118,2,0,0
BRDA:118,2,1,0
BRDA:127,3,0,0
BRDA:127,3,1,0
BRDA:127,4,0,0
BRDA:127,4,1,0
BRDA:134,5,0,0
BRDA:134,5,1,0
BRDA:135,6,0,0
BRDA:135,6,1,0
BRDA:136,7,0,0
BRDA:136,7,1,0
BRDA:140,8,0,0
BRDA:140,8,1,0
BRDA:143,9,0,0
BRDA:143,9,1,0
BRDA:144,10,0,0
BRDA:144,10,1,0
BRDA:146,11,0,0
BRDA:146,11,1,0
BRDA:150,12,0,0
BRDA:150,12,1,0
BRDA:160,13,0,0
BRDA:160,13,1,0
BRDA:162,14,0,0
BRDA:162,14,1,0
BRDA:171,15,0,0
BRDA:174,16,0,0
BRDA:174,16,1,0
BRDA:183,17,0,0
BRDA:183,17,1,0
BRDA:183,17,2,0
BRDA:222,18,0,0
BRDA:223,19,0,0
BRDA:229,20,0,0
BRDA:229,20,1,0
BRDA:230,21,0,0
BRDA:230,21,1,0
BRDA:249,22,0,0
BRDA:249,22,1,0
BRDA:252,23,0,0
BRDA:252,23,1,0
BRDA:253,24,0,0
BRDA:253,24,1,0
BRDA:261,25,0,0
BRDA:261,25,1,0
BRDA:261,26,0,0
BRDA:261,26,1,0
BRDA:279,27,0,0
BRDA:279,27,1,0
BRDA:288,28,0,0
BRDA:288,28,1,0
BRDA:288,28,2,0
BRDA:294,29,0,0
BRDA:294,29,1,0
BRDA:297,30,0,0
BRDA:297,30,1,0
BRDA:301,31,0,0
BRDA:301,31,1,0
BRDA:302,32,0,0
BRDA:302,32,1,0
BRDA:303,33,0,0
BRDA:303,33,1,0
BRDA:309,34,0,0
BRDA:309,34,1,0
BRDA:311,35,0,0
BRDA:311,35,1,0
BRDA:311,36,0,0
BRDA:311,36,1,0
BRDA:313,37,0,0
BRDA:313,37,1,0
BRDA:318,38,0,0
BRDA:318,38,1,0
BRDA:328,39,0,0
BRDA:328,39,1,0
BRDA:329,40,0,0
BRDA:329,40,1,0
BRDA:330,41,0,0
BRDA:330,41,1,0
BRF:83
BRH:0
end_of_record
TN:
SF:src/ai-init.ts
FN:44,selectBestEngine
FN:45,(anonymous_1)
FN:45,(anonymous_2)
FN:52,(anonymous_3)
FN:53,(anonymous_4)
FN:65,dirListing
FN:78,(anonymous_6)
FN:106,writeContextFiles
FN:189,buildAiInitPrompt
FN:203,(anonymous_9)
FN:441,runAiInit
FN:452,(anonymous_11)
FN:456,(anonymous_12)
FN:478,(anonymous_13)
FNF:14
FNH:0
FNDA:0,selectBestEngine
FNDA:0,(anonymous_1)
FNDA:0,(anonymous_2)
FNDA:0,(anonymous_3)
FNDA:0,(anonymous_4)
FNDA:0,dirListing
FNDA:0,(anonymous_6)
FNDA:0,writeContextFiles
FNDA:0,buildAiInitPrompt
FNDA:0,(anonymous_9)
FNDA:0,runAiInit
FNDA:0,(anonymous_11)
FNDA:0,(anonymous_12)
FNDA:0,(anonymous_13)
DA:16,0
DA:19,0
DA:27,0
DA:30,0
DA:45,0
DA:46,0
DA:47,0
DA:50,0
DA:52,0
DA:53,0
DA:55,0
DA:56,0
DA:58,0
DA:66,0
DA:77,0
DA:78,0
DA:79,0
DA:83,0
DA:84,0
DA:85,0
DA:86,0
DA:87,0
DA:88,0
DA:89,0
DA:91,0
DA:93,0
DA:94,0
DA:95,0
DA:96,0
DA:99,0
DA:101,0
DA:102,0
DA:107,0
DA:108,0
DA:109,0
DA:113,0
DA:116,0
DA:117,0
DA:118,0
DA:119,0
DA:120,0
DA:121,0
DA:122,0
DA:130,0
DA:131,0
DA:132,0
DA:133,0
DA:134,0
DA:141,0
DA:142,0
DA:143,0
DA:149,0
DA:150,0
DA:151,0
DA:158,0
DA:159,0
DA:160,0
DA:161,0
DA:162,0
DA:163,0
DA:164,0
DA:171,0
DA:172,0
DA:173,0
DA:174,0
DA:175,0
DA:181,0
DA:191,0
DA:193,0
DA:194,0
DA:195,0
DA:196,0
DA:197,0
DA:198,0
DA:199,0
DA:200,0
DA:201,0
DA:203,0
DA:205,0
DA:449,0
DA:452,0
DA:453,0
DA:454,0
DA:455,0
DA:456,0
DA:457,0
DA:459,0
DA:460,0
DA:463,0
DA:464,0
DA:473,0
DA:478,0
DA:481,0
DA:483,0
DA:484,0
DA:485,0
DA:486,0
DA:487,0
DA:488,0
DA:495,0
DA:496,0
DA:500,0
DA:502,0
DA:503,0
DA:507,0
DA:511,0
DA:512,0
DA:517,0
DA:518,0
DA:520,0
DA:523,0
DA:530,0
DA:531,0
DA:532,0
DA:539,0
DA:540,0
DA:541,0
DA:542,0
DA:549,0
DA:553,0
DA:555,0
DA:557,0
DA:558,0
DA:566,0
DA:567,0
DA:568,0
DA:569,0
DA:577,0
LF:128
LH:0
BRDA:47,0,0,0
BRDA:47,0,1,0
BRDA:52,1,0,0
BRDA:52,1,1,0
BRDA:56,2,0,0
BRDA:56,2,1,0
BRDA:65,3,0,0
BRDA:79,4,0,0
BRDA:79,4,1,0
BRDA:85,5,0,0
BRDA:85,5,1,0
BRDA:93,6,0,0
BRDA:93,6,1,0
BRDA:95,7,0,0
BRDA:95,7,1,0
BRDA:95,8,0,0
BRDA:95,8,1,0
BRDA:99,9,0,0
BRDA:99,9,1,0
BRDA:120,10,0,0
BRDA:120,10,1,0
BRDA:131,11,0,0
BRDA:131,11,1,0
BRDA:171,12,0,0
BRDA:171,12,1,0
BRDA:193,13,0,0
BRDA:193,13,1,0
BRDA:194,14,0,0
BRDA:194,14,1,0
BRDA:195,15,0,0
BRDA:195,15,1,0
BRDA:196,16,0,0
BRDA:196,16,1,0
BRDA:197,17,0,0
BRDA:197,17,1,0
BRDA:198,18,0,0
BRDA:198,18,1,0
BRDA:199,19,0,0
BRDA:199,19,1,0
BRDA:200,20,0,0
BRDA:200,20,1,0
BRDA:201,21,0,0
BRDA:201,21,1,0
BRDA:444,22,0,0
BRDA:445,23,0,0
BRDA:452,24,0,0
BRDA:452,24,1,0
BRDA:454,25,0,0
BRDA:454,25,1,0
BRDA:456,26,0,0
BRDA:456,26,1,0
BRDA:457,27,0,0
BRDA:457,27,1,0
BRDA:463,28,0,0
BRDA:463,28,1,0
BRDA:466,29,0,0
BRDA:466,29,1,0
BRDA:478,30,0,0
BRDA:478,30,1,0
BRDA:481,31,0,0
BRDA:481,31,1,0
BRDA:483,32,0,0
BRDA:483,32,1,0
BRDA:495,33,0,0
BRDA:495,33,1,0
BRDA:500,34,0,0
BRDA:500,34,1,0
BRDA:502,35,0,0
BRDA:502,35,1,0
BRDA:517,36,0,0
BRDA:517,36,1,0
BRDA:517,37,0,0
BRDA:517,37,1,0
BRDA:518,38,0,0
BRDA:518,38,1,0
BRDA:520,39,0,0
BRDA:520,39,1,0
BRDA:523,40,0,0
BRDA:523,40,1,0
BRDA:531,41,0,0
BRDA:531,41,1,0
BRDA:539,42,0,0
BRDA:539,42,1,0
BRDA:541,43,0,0
BRDA:541,43,1,0
BRDA:553,44,0,0
BRDA:553,44,1,0
BRDA:557,45,0,0
BRDA:557,45,1,0
BRDA:566,46,0,0
BRDA:566,46,1,0
BRDA:568,47,0,0
BRDA:568,47,1,0
BRF:93
BRH:0
end_of_record
TN:
SF:src/cli.ts
FN:31,openBrowser
FN:45,promptYesNo
FN:48,(anonymous_2)
FN:49,(anonymous_3)
FN:59,startServerResilient
FN:81,ui
FN:88,(anonymous_6)
FN:102,(anonymous_7)
FN:126,(anonymous_8)
FN:136,(anonymous_9)
FN:141,(anonymous_10)
FN:146,(anonymous_11)
FN:155,(anonymous_12)
FN:160,main
FN:216,(anonymous_14)
FN:219,(anonymous_15)
FNF:16
FNH:0
FNDA:0,openBrowser
FNDA:0,promptYesNo
FNDA:0,(anonymous_2)
FNDA:0,(anonymous_3)
FNDA:0,startServerResilient
FNDA:0,ui
FNDA:0,(anonymous_6)
FNDA:0,(anonymous_7)
FNDA:0,(anonymous_8)
FNDA:0,(anonymous_9)
FNDA:0,(anonymous_10)
FNDA:0,(anonymous_11)
FNDA:0,(anonymous_12)
FNDA:0,main
FNDA:0,(anonymous_14)
FNDA:0,(anonymous_15)
DA:33,0
DA:34,0
DA:35,0
DA:46,0
DA:47,0
DA:48,0
DA:49,0
DA:50,0
DA:51,0
DA:52,0
DA:62,0
DA:63,0
DA:65,0
DA:66,0
DA:67,0
DA:70,0
DA:71,0
DA:72,0
DA:75,0
DA:77,0
DA:82,0
DA:83,0
DA:84,0
DA:87,0
DA:88,0
DA:89,0
DA:90,0
DA:91,0
DA:92,0
DA:101,0
DA:102,0
DA:103,0
DA:104,0
DA:111,0
DA:112,0
DA:113,0
DA:114,0
DA:115,0
DA:116,0
DA:117,0
DA:122,0
DA:123,0
DA:124,0
DA:125,0
DA:126,0
DA:127,0
DA:128,0
DA:129,0
DA:131,0
DA:132,0
DA:134,0
DA:135,0
DA:137,0
DA:138,0
DA:139,0
DA:142,0
DA:147,0
DA:149,0
DA:150,0
DA:155,0
DA:161,0
DA:162,0
DA:164,0
DA:166,0
DA:169,0
DA:170,0
DA:172,0
DA:174,0
DA:179,0
DA:181,0
DA:183,0
DA:184,0
DA:186,0
DA:188,0
DA:190,0
DA:192,0
DA:194,0
DA:196,0
DA:198,0
DA:200,0
DA:201,0
DA:203,0
DA:205,0
DA:207,0
DA:210,0
DA:211,0
DA:215,0
DA:217,0
DA:220,0
DA:223,0
LF:90
LH:0
BRDA:33,0,0,0
BRDA:33,0,1,0
BRDA:33,1,0,0
BRDA:33,1,1,0
BRDA:46,2,0,0
BRDA:46,2,1,0
BRDA:52,3,0,0
BRDA:52,3,1,0
BRDA:66,4,0,0
BRDA:66,4,1,0
BRDA:66,5,0,0
BRDA:66,5,1,0
BRDA:71,6,0,0
BRDA:71,6,1,0
BRDA:82,7,0,0
BRDA:82,7,1,0
BRDA:83,8,0,0
BRDA:83,8,1,0
BRDA:84,9,0,0
BRDA:84,9,1,0
BRDA:91,10,0,0
BRDA:91,10,1,0
BRDA:114,11,0,0
BRDA:114,11,1,0
BRDA:114,12,0,0
BRDA:114,12,1,0
BRDA:122,13,0,0
BRDA:122,13,1,0
BRDA:127,14,0,0
BRDA:127,14,1,0
BRDA:127,15,0,0
BRDA:127,15,1,0
BRDA:128,16,0,0
BRDA:128,16,1,0
BRDA:135,17,0,0
BRDA:135,17,1,0
BRDA:149,18,0,0
BRDA:149,18,1,0
BRDA:149,19,0,0
BRDA:149,19,1,0
BRDA:164,20,0,0
BRDA:164,20,1,0
BRDA:164,21,0,0
BRDA:164,21,1,0
BRDA:164,21,2,0
BRDA:166,22,0,0
BRDA:166,22,1,0
BRDA:166,22,2,0
BRDA:169,23,0,0
BRDA:169,23,1,0
BRDA:169,24,0,0
BRDA:169,24,1,0
BRDA:170,25,0,0
BRDA:170,25,1,0
BRDA:170,26,0,0
BRDA:170,26,1,0
BRDA:170,26,2,0
BRDA:170,26,3,0
BRDA:172,27,0,0
BRDA:172,27,1,0
BRDA:172,27,2,0
BRDA:172,27,3,0
BRDA:172,27,4,0
BRDA:172,27,5,0
BRDA:172,27,6,0
BRDA:172,27,7,0
BRDA:172,27,8,0
BRDA:172,27,9,0
BRDA:172,27,10,0
BRDA:172,27,11,0
BRDA:172,27,12,0
BRDA:172,27,13,0
BRDA:172,27,14,0
BRDA:183,28,0,0
BRDA:183,28,1,0
BRDA:183,29,0,0
BRDA:183,29,1,0
BRDA:200,30,0,0
BRDA:200,30,1,0
BRDA:217,31,0,0
BRDA:217,31,1,0
BRDA:220,32,0,0
BRDA:220,32,1,0
BRF:83
BRH:0
end_of_record
TN:
SF:src/commands.ts
FN:128,resetTipStateForTests
FN:133,readinessMark
FN:144,printReadiness
FN:156,doctor
FN:212,(anonymous_4)
FN:217,(anonymous_5)
FN:237,chosenEngines
FN:238,(anonymous_7)
FN:243,resolveRepo
FN:265,detectRepo
FN:267,(anonymous_10)
FN:284,contextFrom
FN:286,(anonymous_12)
FN:292,(anonymous_13)
FN:328,gateEngines
FN:337,(anonymous_15)
FN:353,applyIntake
FN:462,applyDispatch
FN:470,(anonymous_18)
FN:479,normalizeUnit
FN:522,mutateUnits
FN:531,(anonymous_21)
FN:550,resolveMode
FN:558,resolveEngine
FN:564,resolveRisk
FN:587,announceLaunch
FN:605,readyStub
FN:615,engineReady
FN:621,(anonymous_28)
FN:636,makeResearcher
FN:645,(anonymous_30)
FN:680,persistInvestigation
FN:726,repoGit
FN:727,(anonymous_33)
FN:734,resolveProtection
FN:750,planProtection
FN:787,persistCheckpoint
FN:794,persistQuota
FN:805,recordQuota
FN:823,rollbackCheckpoint
FN:836,handleUnitFailure
FN:842,skippedByQuota
FN:860,computeKnowledgeHeavySource
FN:875,makeDispatcher
FN:884,(anonymous_44)
FN:899,(anonymous_45)
FN:907,(anonymous_46)
FN:908,(anonymous_47)
FN:936,(anonymous_48)
FN:950,(anonymous_49)
FN:1022,makeReviewer
FN:1023,(anonymous_51)
FN:1045,orchestrate
FN:1099,(anonymous_53)
FN:1102,(anonymous_54)
FN:1107,(anonymous_55)
FN:1128,(anonymous_56)
FN:1162,(anonymous_57)
FN:1219,(anonymous_58)
FN:1220,(anonymous_59)
FN:1237,reportPreflightRefusal
FN:1252,init
FN:1279,(anonymous_62)
FN:1313,onChunk
FN:1318,onStderrChunk
FN:1363,defaultAskFn
FN:1364,(anonymous_66)
FN:1366,(anonymous_67)
FN:1367,(anonymous_68)
FN:1375,initInteractive
FN:1417,run
FN:1445,(anonymous_71)
FN:1475,launchEngine
FN:1484,(anonymous_73)
FN:1517,(anonymous_74)
FN:1533,units
FN:1560,(anonymous_76)
FN:1574,(anonymous_77)
FN:1600,(anonymous_78)
FN:1643,(anonymous_79)
FN:1677,(anonymous_80)
FN:1739,gateColor
FN:1746,skills
FN:1794,(anonymous_83)
FN:1930,skillTemplate
FN:1967,discover
FN:2014,hook
FN:2028,(anonymous_87)
FN:2029,(anonymous_88)
FN:2033,(anonymous_89)
FN:2072,hookSelftest
FN:2083,(anonymous_91)
FN:2105,liveGuardrailArmed
FN:2113,(anonymous_93)
FN:2114,(anonymous_94)
FN:2124,guardrailOffNote
FN:2130,installHooks
FN:2136,hooks
FN:2205,detectToolchain
FN:2216,(anonymous_99)
FN:2223,(anonymous_100)
FN:2227,(anonymous_101)
FN:2234,(anonymous_102)
FN:2243,verify
FN:2246,(anonymous_104)
FN:2299,(anonymous_105)
FN:2315,isToolName
FN:2322,repoLanguages
FN:2335,renderPriority
FN:2338,(anonymous_109)
FN:2342,toolsStatus
FN:2379,managedClaudeServerNames
FN:2391,readClaudeMcp
FN:2406,writeClaudeMcp
FN:2429,tomlSection
FN:2442,gateCodexEntries
FN:2444,(anonymous_116)
FN:2454,writeCodexMcp
FN:2475,printCopilotMcp
FN:2483,(anonymous_119)
FN:2496,writeToolConfigs
FN:2506,toolsToggle
FN:2564,runToolSteps
FN:2580,provisionTool
FN:2595,ensureToolIndex
FN:2609,toolsInstall
FN:2647,tools
FN:2663,(anonymous_127)
FN:2687,toolsSync
FN:2693,(anonymous_129)
FN:2713,printVersion
FN:2719,printDeletePlan
FN:2735,workflowDelete
FN:2751,workflowDeleteUnit
FN:2768,(anonymous_134)
FN:2777,printMergeResult
FN:2786,workflowImport
FN:2817,resolveCollision
FN:2827,workflow
FN:2841,printHelp
FN:2874,(anonymous_140)
FN:2886,(anonymous_141)
FN:2897,(anonymous_142)
FN:2911,(anonymous_143)
FN:2925,(anonymous_144)
FN:2941,(anonymous_145)
FN:2954,(anonymous_146)
FN:2972,(anonymous_147)
FN:2994,(anonymous_148)
FN:3010,(anonymous_149)
FN:3021,(anonymous_150)
FN:3032,(anonymous_151)
FN:3047,(anonymous_152)
FN:3057,hasCommandHelp
FN:3062,printCommandHelp
FNF:155
FNH:0
FNDA:0,resetTipStateForTests
FNDA:0,readinessMark
FNDA:0,printReadiness
FNDA:0,doctor
FNDA:0,(anonymous_4)
FNDA:0,(anonymous_5)
FNDA:0,chosenEngines
FNDA:0,(anonymous_7)
FNDA:0,resolveRepo
FNDA:0,detectRepo
FNDA:0,(anonymous_10)
FNDA:0,contextFrom
FNDA:0,(anonymous_12)
FNDA:0,(anonymous_13)
FNDA:0,gateEngines
FNDA:0,(anonymous_15)
FNDA:0,applyIntake
FNDA:0,applyDispatch
FNDA:0,(anonymous_18)
FNDA:0,normalizeUnit
FNDA:0,mutateUnits
FNDA:0,(anonymous_21)
FNDA:0,resolveMode
FNDA:0,resolveEngine
FNDA:0,resolveRisk
FNDA:0,announceLaunch
FNDA:0,readyStub
FNDA:0,engineReady
FNDA:0,(anonymous_28)
FNDA:0,makeResearcher
FNDA:0,(anonymous_30)
FNDA:0,persistInvestigation
FNDA:0,repoGit
FNDA:0,(anonymous_33)
FNDA:0,resolveProtection
FNDA:0,planProtection
FNDA:0,persistCheckpoint
FNDA:0,persistQuota
FNDA:0,recordQuota
FNDA:0,rollbackCheckpoint
FNDA:0,handleUnitFailure
FNDA:0,skippedByQuota
FNDA:0,computeKnowledgeHeavySource
FNDA:0,makeDispatcher
FNDA:0,(anonymous_44)
FNDA:0,(anonymous_45)
FNDA:0,(anonymous_46)
FNDA:0,(anonymous_47)
FNDA:0,(anonymous_48)
FNDA:0,(anonymous_49)
FNDA:0,makeReviewer
FNDA:0,(anonymous_51)
FNDA:0,orchestrate
FNDA:0,(anonymous_53)
FNDA:0,(anonymous_54)
FNDA:0,(anonymous_55)
FNDA:0,(anonymous_56)
FNDA:0,(anonymous_57)
FNDA:0,(anonymous_58)
FNDA:0,(anonymous_59)
FNDA:0,reportPreflightRefusal
FNDA:0,init
FNDA:0,(anonymous_62)
FNDA:0,onChunk
FNDA:0,onStderrChunk
FNDA:0,defaultAskFn
FNDA:0,(anonymous_66)
FNDA:0,(anonymous_67)
FNDA:0,(anonymous_68)
FNDA:0,initInteractive
FNDA:0,run
FNDA:0,(anonymous_71)
FNDA:0,launchEngine
FNDA:0,(anonymous_73)
FNDA:0,(anonymous_74)
FNDA:0,units
FNDA:0,(anonymous_76)
FNDA:0,(anonymous_77)
FNDA:0,(anonymous_78)
FNDA:0,(anonymous_79)
FNDA:0,(anonymous_80)
FNDA:0,gateColor
FNDA:0,skills
FNDA:0,(anonymous_83)
FNDA:0,skillTemplate
FNDA:0,discover
FNDA:0,hook
FNDA:0,(anonymous_87)
FNDA:0,(anonymous_88)
FNDA:0,(anonymous_89)
FNDA:0,hookSelftest
FNDA:0,(anonymous_91)
FNDA:0,liveGuardrailArmed
FNDA:0,(anonymous_93)
FNDA:0,(anonymous_94)
FNDA:0,guardrailOffNote
FNDA:0,installHooks
FNDA:0,hooks
FNDA:0,detectToolchain
FNDA:0,(anonymous_99)
FNDA:0,(anonymous_100)
FNDA:0,(anonymous_101)
FNDA:0,(anonymous_102)
FNDA:0,verify
FNDA:0,(anonymous_104)
FNDA:0,(anonymous_105)
FNDA:0,isToolName
FNDA:0,repoLanguages
FNDA:0,renderPriority
FNDA:0,(anonymous_109)
FNDA:0,toolsStatus
FNDA:0,managedClaudeServerNames
FNDA:0,readClaudeMcp
FNDA:0,writeClaudeMcp
FNDA:0,tomlSection
FNDA:0,gateCodexEntries
FNDA:0,(anonymous_116)
FNDA:0,writeCodexMcp
FNDA:0,printCopilotMcp
FNDA:0,(anonymous_119)
FNDA:0,writeToolConfigs
FNDA:0,toolsToggle
FNDA:0,runToolSteps
FNDA:0,provisionTool
FNDA:0,ensureToolIndex
FNDA:0,toolsInstall
FNDA:0,tools
FNDA:0,(anonymous_127)
FNDA:0,toolsSync
FNDA:0,(anonymous_129)
FNDA:0,printVersion
FNDA:0,printDeletePlan
FNDA:0,workflowDelete
FNDA:0,workflowDeleteUnit
FNDA:0,(anonymous_134)
FNDA:0,printMergeResult
FNDA:0,workflowImport
FNDA:0,resolveCollision
FNDA:0,workflow
FNDA:0,printHelp
FNDA:0,(anonymous_140)
FNDA:0,(anonymous_141)
FNDA:0,(anonymous_142)
FNDA:0,(anonymous_143)
FNDA:0,(anonymous_144)
FNDA:0,(anonymous_145)
FNDA:0,(anonymous_146)
FNDA:0,(anonymous_147)
FNDA:0,(anonymous_148)
FNDA:0,(anonymous_149)
FNDA:0,(anonymous_150)
FNDA:0,(anonymous_151)
FNDA:0,(anonymous_152)
FNDA:0,hasCommandHelp
FNDA:0,printCommandHelp
DA:127,0
DA:129,0
DA:134,0
DA:135,0
DA:136,0
DA:148,0
DA:149,0
DA:150,0
DA:152,0
DA:153,0
DA:165,0
DA:166,0
DA:175,0
DA:176,0
DA:177,0
DA:178,0
DA:179,0
DA:180,0
DA:181,0
DA:182,0
DA:184,0
DA:185,0
DA:186,0
DA:188,0
DA:189,0
DA:190,0
DA:191,0
DA:192,0
DA:193,0
DA:196,0
DA:197,0
DA:198,0
DA:199,0
DA:200,0
DA:201,0
DA:202,0
DA:204,0
DA:206,0
DA:208,0
DA:209,0
DA:210,0
DA:212,0
DA:213,0
DA:214,0
DA:217,0
DA:220,0
DA:222,0
DA:223,0
DA:238,0
DA:239,0
DA:244,0
DA:245,0
DA:246,0
DA:247,0
DA:251,0
DA:254,0
DA:255,0
DA:266,0
DA:267,0
DA:268,0
DA:285,0
DA:286,0
DA:287,0
DA:292,0
DA:332,0
DA:333,0
DA:336,0
DA:337,0
DA:338,0
DA:339,0
DA:340,0
DA:354,0
DA:355,0
DA:356,0
DA:358,0
DA:359,0
DA:360,0
DA:361,0
DA:365,0
DA:366,0
DA:367,0
DA:376,0
DA:378,0
DA:379,0
DA:380,0
DA:381,0
DA:386,0
DA:387,0
DA:389,0
DA:392,0
DA:393,0
DA:399,0
DA:400,0
DA:406,0
DA:407,0
DA:409,0
DA:410,0
DA:411,0
DA:412,0
DA:413,0
DA:414,0
DA:416,0
DA:418,0
DA:423,0
DA:424,0
DA:425,0
DA:426,0
DA:427,0
DA:428,0
DA:429,0
DA:431,0
DA:433,0
DA:434,0
DA:436,0
DA:437,0
DA:442,0
DA:443,0
DA:444,0
DA:452,0
DA:453,0
DA:457,0
DA:458,0
DA:466,0
DA:467,0
DA:468,0
DA:469,0
DA:470,0
DA:471,0
DA:472,0
DA:473,0
DA:474,0
DA:477,0
DA:480,0
DA:481,0
DA:482,0
DA:527,0
DA:528,0
DA:529,0
DA:530,0
DA:531,0
DA:532,0
DA:533,0
DA:534,0
DA:535,0
DA:536,0
DA:537,0
DA:539,0
DA:540,0
DA:542,0
DA:543,0
DA:544,0
DA:551,0
DA:552,0
DA:553,0
DA:559,0
DA:565,0
DA:573,0
DA:592,0
DA:593,0
DA:594,0
DA:595,0
DA:596,0
DA:597,0
DA:598,0
DA:600,0
DA:601,0
DA:606,0
DA:620,0
DA:621,0
DA:622,0
DA:623,0
DA:624,0
DA:625,0
DA:626,0
DA:644,0
DA:645,0
DA:646,0
DA:649,0
DA:650,0
DA:652,0
DA:653,0
DA:654,0
DA:658,0
DA:659,0
DA:660,0
DA:661,0
DA:662,0
DA:672,0
DA:673,0
DA:675,0
DA:681,0
DA:682,0
DA:697,0
DA:701,0
DA:727,0
DA:728,0
DA:729,0
DA:738,0
DA:756,0
DA:757,0
DA:758,0
DA:759,0
DA:765,0
DA:769,0
DA:771,0
DA:772,0
DA:779,0
DA:780,0
DA:781,0
DA:783,0
DA:788,0
DA:789,0
DA:790,0
DA:795,0
DA:796,0
DA:797,0
DA:812,0
DA:813,0
DA:814,0
DA:815,0
DA:816,0
DA:817,0
DA:818,0
DA:824,0
DA:825,0
DA:826,0
DA:827,0
DA:828,0
DA:829,0
DA:830,0
DA:831,0
DA:832,0
DA:837,0
DA:838,0
DA:843,0
DA:864,0
DA:865,0
DA:866,0
DA:867,0
DA:868,0
DA:869,0
DA:884,0
DA:885,0
DA:886,0
DA:889,0
DA:890,0
DA:891,0
DA:892,0
DA:897,0
DA:898,0
DA:899,0
DA:900,0
DA:901,0
DA:902,0
DA:905,0
DA:906,0
DA:907,0
DA:908,0
DA:910,0
DA:911,0
DA:914,0
DA:915,0
DA:916,0
DA:917,0
DA:924,0
DA:925,0
DA:926,0
DA:931,0
DA:937,0
DA:938,0
DA:939,0
DA:945,0
DA:954,0
DA:961,0
DA:965,0
DA:966,0
DA:967,0
DA:969,0
DA:971,0
DA:973,0
DA:976,0
DA:977,0
DA:983,0
DA:984,0
DA:988,0
DA:989,0
DA:990,0
DA:1001,0
DA:1003,0
DA:1023,0
DA:1024,0
DA:1025,0
DA:1027,0
DA:1028,0
DA:1033,0
DA:1034,0
DA:1054,0
DA:1057,0
DA:1058,0
DA:1059,0
DA:1060,0
DA:1061,0
DA:1062,0
DA:1063,0
DA:1064,0
DA:1071,0
DA:1072,0
DA:1073,0
DA:1076,0
DA:1078,0
DA:1079,0
DA:1080,0
DA:1084,0
DA:1092,0
DA:1099,0
DA:1100,0
DA:1101,0
DA:1102,0
DA:1103,0
DA:1104,0
DA:1107,0
DA:1114,0
DA:1115,0
DA:1116,0
DA:1117,0
DA:1118,0
DA:1119,0
DA:1120,0
DA:1123,0
DA:1124,0
DA:1128,0
DA:1129,0
DA:1132,0
DA:1133,0
DA:1134,0
DA:1136,0
DA:1137,0
DA:1138,0
DA:1139,0
DA:1142,0
DA:1144,0
DA:1151,0
DA:1153,0
DA:1163,0
DA:1171,0
DA:1173,0
DA:1174,0
DA:1175,0
DA:1176,0
DA:1177,0
DA:1183,0
DA:1186,0
DA:1187,0
DA:1191,0
DA:1198,0
DA:1201,0
DA:1202,0
DA:1205,0
DA:1207,0
DA:1208,0
DA:1210,0
DA:1212,0
DA:1213,0
DA:1214,0
DA:1216,0
DA:1217,0
DA:1219,0
DA:1220,0
DA:1223,0
DA:1224,0
DA:1231,0
DA:1238,0
DA:1241,0
DA:1242,0
DA:1246,0
DA:1249,0
DA:1267,0
DA:1268,0
DA:1269,0
DA:1272,0
DA:1276,0
DA:1277,0
DA:1278,0
DA:1279,0
DA:1280,0
DA:1281,0
DA:1283,0
DA:1284,0
DA:1286,0
DA:1287,0
DA:1288,0
DA:1289,0
DA:1291,0
DA:1292,0
DA:1297,0
DA:1298,0
DA:1299,0
DA:1300,0
DA:1301,0
DA:1302,0
DA:1314,0
DA:1315,0
DA:1319,0
DA:1320,0
DA:1331,0
DA:1332,0
DA:1334,0
DA:1335,0
DA:1342,0
DA:1344,0
DA:1345,0
DA:1346,0
DA:1347,0
DA:1348,0
DA:1349,0
DA:1350,0
DA:1353,0
DA:1364,0
DA:1365,0
DA:1366,0
DA:1367,0
DA:1368,0
DA:1369,0
DA:1384,0
DA:1385,0
DA:1386,0
DA:1387,0
DA:1388,0
DA:1389,0
DA:1390,0
DA:1391,0
DA:1394,0
DA:1405,0
DA:1406,0
DA:1407,0
DA:1408,0
DA:1409,0
DA:1411,0
DA:1412,0
DA:1414,0
DA:1434,0
DA:1435,0
DA:1436,0
DA:1439,0
DA:1441,0
DA:1442,0
DA:1443,0
DA:1444,0
DA:1445,0
DA:1446,0
DA:1447,0
DA:1448,0
DA:1450,0
DA:1451,0
DA:1452,0
DA:1456,0
DA:1458,0
DA:1460,0
DA:1461,0
DA:1462,0
DA:1465,0
DA:1484,0
DA:1485,0
DA:1488,0
DA:1489,0
DA:1490,0
DA:1491,0
DA:1492,0
DA:1495,0
DA:1497,0
DA:1505,0
DA:1506,0
DA:1507,0
DA:1508,0
DA:1510,0
DA:1514,0
DA:1518,0
DA:1524,0
DA:1525,0
DA:1526,0
DA:1527,0
DA:1528,0
DA:1530,0
DA:1542,0
DA:1543,0
DA:1544,0
DA:1545,0
DA:1548,0
DA:1550,0
DA:1553,0
DA:1554,0
DA:1555,0
DA:1557,0
DA:1558,0
DA:1559,0
DA:1560,0
DA:1562,0
DA:1564,0
DA:1567,0
DA:1568,0
DA:1569,0
DA:1572,0
DA:1574,0
DA:1575,0
DA:1576,0
DA:1579,0
DA:1581,0
DA:1582,0
DA:1585,0
DA:1586,0
DA:1590,0
DA:1593,0
DA:1594,0
DA:1595,0
DA:1598,0
DA:1600,0
DA:1601,0
DA:1602,0
DA:1605,0
DA:1607,0
DA:1608,0
DA:1609,0
DA:1610,0
DA:1613,0
DA:1615,0
DA:1616,0
DA:1617,0
DA:1618,0
DA:1621,0
DA:1623,0
DA:1624,0
DA:1626,0
DA:1627,0
DA:1628,0
DA:1631,0
DA:1632,0
DA:1633,0
DA:1636,0
DA:1638,0
DA:1639,0
DA:1640,0
DA:1641,0
DA:1643,0
DA:1646,0
DA:1647,0
DA:1648,0
DA:1651,0
DA:1653,0
DA:1654,0
DA:1657,0
DA:1658,0
DA:1659,0
DA:1668,0
DA:1670,0
DA:1671,0
DA:1672,0
DA:1673,0
DA:1674,0
DA:1675,0
DA:1677,0
DA:1680,0
DA:1681,0
DA:1682,0
DA:1685,0
DA:1687,0
DA:1688,0
DA:1691,0
DA:1692,0
DA:1693,0
DA:1696,0
DA:1698,0
DA:1699,0
DA:1700,0
DA:1703,0
DA:1705,0
DA:1706,0
DA:1709,0
DA:1710,0
DA:1711,0
DA:1712,0
DA:1715,0
DA:1717,0
DA:1721,0
DA:1722,0
DA:1723,0
DA:1726,0
DA:1728,0
DA:1729,0
DA:1732,0
DA:1735,0
DA:1740,0
DA:1741,0
DA:1742,0
DA:1743,0
DA:1747,0
DA:1748,0
DA:1749,0
DA:1750,0
DA:1751,0
DA:1755,0
DA:1757,0
DA:1758,0
DA:1760,0
DA:1761,0
DA:1762,0
DA:1763,0
DA:1764,0
DA:1765,0
DA:1766,0
DA:1768,0
DA:1769,0
DA:1771,0
DA:1772,0
DA:1773,0
DA:1774,0
DA:1777,0
DA:1779,0
DA:1780,0
DA:1781,0
DA:1782,0
DA:1784,0
DA:1785,0
DA:1787,0
DA:1789,0
DA:1792,0
DA:1793,0
DA:1794,0
DA:1795,0
DA:1801,0
DA:1802,0
DA:1804,0
DA:1809,0
DA:1810,0
DA:1811,0
DA:1812,0
DA:1813,0
DA:1814,0
DA:1815,0
DA:1818,0
DA:1820,0
DA:1822,0
DA:1823,0
DA:1824,0
DA:1825,0
DA:1828,0
DA:1830,0
DA:1833,0
DA:1834,0
DA:1835,0
DA:1836,0
DA:1837,0
DA:1843,0
DA:1845,0
DA:1846,0
DA:1848,0
DA:1849,0
DA:1850,0
DA:1851,0
DA:1852,0
DA:1853,0
DA:1855,0
DA:1856,0
DA:1858,0
DA:1859,0
DA:1860,0
DA:1861,0
DA:1864,0
DA:1870,0
DA:1871,0
DA:1877,0
DA:1879,0
DA:1881,0
DA:1882,0
DA:1883,0
DA:1884,0
DA:1885,0
DA:1891,0
DA:1893,0
DA:1894,0
DA:1896,0
DA:1897,0
DA:1898,0
DA:1899,0
DA:1902,0
DA:1904,0
DA:1905,0
DA:1906,0
DA:1907,0
DA:1910,0
DA:1912,0
DA:1913,0
DA:1914,0
DA:1920,0
DA:1922,0
DA:1926,0
DA:1931,0
DA:1973,0
DA:1974,0
DA:1975,0
DA:1976,0
DA:1979,0
DA:1981,0
DA:1982,0
DA:1985,0
DA:1987,0
DA:1988,0
DA:1991,0
DA:1992,0
DA:1993,0
DA:1994,0
DA:1996,0
DA:1997,0
DA:2000,0
DA:2002,0
DA:2003,0
DA:2004,0
DA:2005,0
DA:2007,0
DA:2008,0
DA:2025,0
DA:2026,0
DA:2027,0
DA:2028,0
DA:2029,0
DA:2030,0
DA:2031,0
DA:2033,0
DA:2034,0
DA:2035,0
DA:2036,0
DA:2037,0
DA:2039,0
DA:2041,0
DA:2042,0
DA:2045,0
DA:2053,0
DA:2055,0
DA:2058,0
DA:2059,0
DA:2060,0
DA:2064,0
DA:2082,0
DA:2083,0
DA:2084,0
DA:2085,0
DA:2086,0
DA:2087,0
DA:2088,0
DA:2090,0
DA:2091,0
DA:2092,0
DA:2094,0
DA:2098,0
DA:2106,0
DA:2107,0
DA:2108,0
DA:2111,0
DA:2112,0
DA:2113,0
DA:2115,0
DA:2119,0
DA:2125,0
DA:2131,0
DA:2132,0
DA:2133,0
DA:2140,0
DA:2142,0
DA:2145,0
DA:2146,0
DA:2147,0
DA:2155,0
DA:2156,0
DA:2159,0
DA:2162,0
DA:2163,0
DA:2164,0
DA:2170,0
DA:2171,0
DA:2174,0
DA:2175,0
DA:2176,0
DA:2178,0
DA:2179,0
DA:2180,0
DA:2185,0
DA:2187,0
DA:2190,0
DA:2193,0
DA:2213,0
DA:2214,0
DA:2216,0
DA:2218,0
DA:2221,0
DA:2222,0
DA:2223,0
DA:2224,0
DA:2226,0
DA:2227,0
DA:2229,0
DA:2231,0
DA:2232,0
DA:2233,0
DA:2234,0
DA:2235,0
DA:2237,0
DA:2240,0
DA:2244,0
DA:2245,0
DA:2246,0
DA:2247,0
DA:2251,0
DA:2252,0
DA:2253,0
DA:2254,0
DA:2256,0
DA:2261,0
DA:2262,0
DA:2263,0
DA:2264,0
DA:2265,0
DA:2267,0
DA:2268,0
DA:2269,0
DA:2270,0
DA:2271,0
DA:2272,0
DA:2274,0
DA:2283,0
DA:2284,0
DA:2285,0
DA:2286,0
DA:2287,0
DA:2288,0
DA:2292,0
DA:2293,0
DA:2295,0
DA:2296,0
DA:2297,0
DA:2299,0
DA:2301,0
DA:2303,0
DA:2304,0
DA:2308,0
DA:2313,0
DA:2316,0
DA:2326,0
DA:2327,0
DA:2328,0
DA:2330,0
DA:2336,0
DA:2337,0
DA:2338,0
DA:2343,0
DA:2344,0
DA:2345,0
DA:2346,0
DA:2347,0
DA:2348,0
DA:2349,0
DA:2350,0
DA:2351,0
DA:2352,0
DA:2353,0
DA:2354,0
DA:2355,0
DA:2363,0
DA:2364,0
DA:2365,0
DA:2366,0
DA:2370,0
DA:2371,0
DA:2380,0
DA:2381,0
DA:2382,0
DA:2383,0
DA:2384,0
DA:2386,0
DA:2392,0
DA:2393,0
DA:2394,0
DA:2395,0
DA:2397,0
DA:2407,0
DA:2408,0
DA:2409,0
DA:2410,0
DA:2414,0
DA:2416,0
DA:2417,0
DA:2418,0
DA:2419,0
DA:2420,0
DA:2422,0
DA:2423,0
DA:2424,0
DA:2425,0
DA:2430,0
DA:2431,0
DA:2432,0
DA:2433,0
DA:2435,0
DA:2443,0
DA:2444,0
DA:2445,0
DA:2455,0
DA:2456,0
DA:2457,0
DA:2458,0
DA:2459,0
DA:2460,0
DA:2461,0
DA:2464,0
DA:2466,0
DA:2467,0
DA:2476,0
DA:2477,0
DA:2478,0
DA:2479,0
DA:2480,0
DA:2481,0
DA:2482,0
DA:2483,0
DA:2484,0
DA:2485,0
DA:2488,0
DA:2497,0
DA:2498,0
DA:2499,0
DA:2500,0
DA:2512,0
DA:2513,0
DA:2514,0
DA:2515,0
DA:2516,0
DA:2517,0
DA:2520,0
DA:2521,0
DA:2522,0
DA:2523,0
DA:2532,0
DA:2535,0
DA:2541,0
DA:2548,0
DA:2550,0
DA:2551,0
DA:2553,0
DA:2559,0
DA:2565,0
DA:2566,0
DA:2567,0
DA:2568,0
DA:2569,0
DA:2572,0
DA:2575,0
DA:2581,0
DA:2582,0
DA:2583,0
DA:2584,0
DA:2587,0
DA:2589,0
DA:2590,0
DA:2596,0
DA:2597,0
DA:2598,0
DA:2599,0
DA:2600,0
DA:2602,0
DA:2603,0
DA:2604,0
DA:2605,0
DA:2615,0
DA:2616,0
DA:2617,0
DA:2618,0
DA:2619,0
DA:2621,0
DA:2622,0
DA:2623,0
DA:2625,0
DA:2626,0
DA:2627,0
DA:2628,0
DA:2629,0
DA:2632,0
DA:2635,0
DA:2639,0
DA:2653,0
DA:2654,0
DA:2655,0
DA:2656,0
DA:2657,0
DA:2660,0
DA:2663,0
DA:2664,0
DA:2665,0
DA:2666,0
DA:2671,0
DA:2672,0
DA:2673,0
DA:2674,0
DA:2676,0
DA:2677,0
DA:2680,0
DA:2692,0
DA:2693,0
DA:2694,0
DA:2695,0
DA:2696,0
DA:2697,0
DA:2698,0
DA:2699,0
DA:2700,0
DA:2701,0
DA:2702,0
DA:2705,0
DA:2707,0
DA:2709,0
DA:2710,0
DA:2714,0
DA:2715,0
DA:2720,0
DA:2721,0
DA:2722,0
DA:2723,0
DA:2724,0
DA:2725,0
DA:2726,0
DA:2727,0
DA:2729,0
DA:2730,0
DA:2736,0
DA:2737,0
DA:2738,0
DA:2739,0
DA:2740,0
DA:2742,0
DA:2743,0
DA:2744,0
DA:2745,0
DA:2746,0
DA:2747,0
DA:2755,0
DA:2756,0
DA:2757,0
DA:2760,0
DA:2762,0
DA:2763,0
DA:2764,0
DA:2765,0
DA:2768,0
DA:2769,0
DA:2770,0
DA:2772,0
DA:2773,0
DA:2778,0
DA:2779,0
DA:2780,0
DA:2781,0
DA:2782,0
DA:2787,0
DA:2788,0
DA:2789,0
DA:2796,0
DA:2798,0
DA:2799,0
DA:2800,0
DA:2801,0
DA:2804,0
DA:2806,0
DA:2807,0
DA:2808,0
DA:2809,0
DA:2811,0
DA:2812,0
DA:2813,0
DA:2818,0
DA:2819,0
DA:2832,0
DA:2833,0
DA:2834,0
DA:2835,0
DA:2838,0
DA:2842,0
DA:2868,0
DA:2873,0
DA:2874,0
DA:2886,0
DA:2897,0
DA:2911,0
DA:2926,0
DA:2941,0
DA:2955,0
DA:2973,0
DA:2995,0
DA:3010,0
DA:3021,0
DA:3032,0
DA:3047,0
DA:3058,0
DA:3063,0
DA:3064,0
DA:3065,0
DA:3066,0
LF:1103
LH:0
BRDA:134,0,0,0
BRDA:134,0,1,0
BRDA:135,1,0,0
BRDA:135,1,1,0
BRDA:146,2,0,0
BRDA:148,3,0,0
BRDA:148,3,1,0
BRDA:152,4,0,0
BRDA:152,4,1,0
BRDA:157,5,0,0
BRDA:158,6,0,0
BRDA:165,7,0,0
BRDA:165,7,1,0
BRDA:172,8,0,0
BRDA:172,8,1,0
BRDA:179,9,0,0
BRDA:179,9,1,0
BRDA:179,10,0,0
BRDA:179,10,1,0
BRDA:180,11,0,0
BRDA:180,11,1,0
BRDA:180,12,0,0
BRDA:180,12,1,0
BRDA:181,13,0,0
BRDA:181,13,1,0
BRDA:181,14,0,0
BRDA:181,14,1,0
BRDA:185,15,0,0
BRDA:185,15,1,0
BRDA:186,16,0,0
BRDA:186,16,1,0
BRDA:190,17,0,0
BRDA:190,17,1,0
BRDA:196,18,0,0
BRDA:196,18,1,0
BRDA:198,19,0,0
BRDA:198,19,1,0
BRDA:208,20,0,0
BRDA:208,20,1,0
BRDA:212,21,0,0
BRDA:212,21,1,0
BRDA:213,22,0,0
BRDA:213,22,1,0
BRDA:238,23,0,0
BRDA:238,23,1,0
BRDA:239,24,0,0
BRDA:239,24,1,0
BRDA:244,25,0,0
BRDA:244,25,1,0
BRDA:244,26,0,0
BRDA:244,26,1,0
BRDA:245,27,0,0
BRDA:245,27,1,0
BRDA:247,28,0,0
BRDA:247,28,1,0
BRDA:272,29,0,0
BRDA:272,29,1,0
BRDA:273,30,0,0
BRDA:273,30,1,0
BRDA:279,31,0,0
BRDA:279,31,1,0
BRDA:286,32,0,0
BRDA:286,32,1,0
BRDA:289,33,0,0
BRDA:289,33,1,0
BRDA:333,34,0,0
BRDA:333,34,1,0
BRDA:336,35,0,0
BRDA:336,35,1,0
BRDA:336,36,0,0
BRDA:336,36,1,0
BRDA:336,36,2,0
BRDA:337,37,0,0
BRDA:337,37,1,0
BRDA:339,38,0,0
BRDA:339,38,1,0
BRDA:353,39,0,0
BRDA:354,40,0,0
BRDA:354,40,1,0
BRDA:361,41,0,0
BRDA:361,41,1,0
BRDA:361,42,0,0
BRDA:361,42,1,0
BRDA:368,43,0,0
BRDA:368,43,1,0
BRDA:370,44,0,0
BRDA:370,44,1,0
BRDA:370,45,0,0
BRDA:370,45,1,0
BRDA:371,46,0,0
BRDA:371,46,1,0
BRDA:374,47,0,0
BRDA:374,47,1,0
BRDA:376,48,0,0
BRDA:376,48,1,0
BRDA:389,49,0,0
BRDA:389,49,1,0
BRDA:412,50,0,0
BRDA:412,50,1,0
BRDA:413,51,0,0
BRDA:413,51,1,0
BRDA:414,52,0,0
BRDA:414,52,1,0
BRDA:414,53,0,0
BRDA:414,53,1,0
BRDA:414,53,2,0
BRDA:423,54,0,0
BRDA:423,54,1,0
BRDA:424,55,0,0
BRDA:424,55,1,0
BRDA:426,56,0,0
BRDA:426,56,1,0
BRDA:427,57,0,0
BRDA:427,57,1,0
BRDA:427,58,0,0
BRDA:427,58,1,0
BRDA:436,59,0,0
BRDA:436,59,1,0
BRDA:442,60,0,0
BRDA:442,60,1,0
BRDA:442,61,0,0
BRDA:442,61,1,0
BRDA:452,62,0,0
BRDA:452,62,1,0
BRDA:457,63,0,0
BRDA:457,63,1,0
BRDA:464,64,0,0
BRDA:466,65,0,0
BRDA:466,65,1,0
BRDA:469,66,0,0
BRDA:469,66,1,0
BRDA:470,67,0,0
BRDA:470,67,1,0
BRDA:480,68,0,0
BRDA:480,68,1,0
BRDA:481,69,0,0
BRDA:481,69,1,0
BRDA:484,70,0,0
BRDA:484,70,1,0
BRDA:487,71,0,0
BRDA:487,71,1,0
BRDA:490,72,0,0
BRDA:490,72,1,0
BRDA:492,73,0,0
BRDA:492,73,1,0
BRDA:492,74,0,0
BRDA:492,74,1,0
BRDA:495,75,0,0
BRDA:495,75,1,0
BRDA:496,76,0,0
BRDA:496,76,1,0
BRDA:498,77,0,0
BRDA:498,77,1,0
BRDA:498,78,0,0
BRDA:498,78,1,0
BRDA:498,78,2,0
BRDA:506,79,0,0
BRDA:506,79,1,0
BRDA:507,80,0,0
BRDA:507,80,1,0
BRDA:508,81,0,0
BRDA:508,81,1,0
BRDA:509,82,0,0
BRDA:509,82,1,0
BRDA:512,83,0,0
BRDA:512,83,1,0
BRDA:513,84,0,0
BRDA:513,84,1,0
BRDA:514,85,0,0
BRDA:514,85,1,0
BRDA:515,86,0,0
BRDA:515,86,1,0
BRDA:528,87,0,0
BRDA:528,87,1,0
BRDA:530,88,0,0
BRDA:530,88,1,0
BRDA:532,89,0,0
BRDA:532,89,1,0
BRDA:533,90,0,0
BRDA:533,90,1,0
BRDA:535,91,0,0
BRDA:535,91,1,0
BRDA:536,92,0,0
BRDA:536,92,1,0
BRDA:539,93,0,0
BRDA:539,93,1,0
BRDA:551,94,0,0
BRDA:551,94,1,0
BRDA:552,95,0,0
BRDA:552,95,1,0
BRDA:553,96,0,0
BRDA:553,96,1,0
BRDA:559,97,0,0
BRDA:559,97,1,0
BRDA:559,98,0,0
BRDA:559,98,1,0
BRDA:573,99,0,0
BRDA:573,99,1,0
BRDA:573,100,0,0
BRDA:573,100,1,0
BRDA:590,101,0,0
BRDA:592,102,0,0
BRDA:592,102,1,0
BRDA:594,103,0,0
BRDA:594,103,1,0
BRDA:596,104,0,0
BRDA:596,104,1,0
BRDA:600,105,0,0
BRDA:600,105,1,0
BRDA:620,106,0,0
BRDA:620,106,1,0
BRDA:621,107,0,0
BRDA:621,107,1,0
BRDA:623,108,0,0
BRDA:623,108,1,0
BRDA:624,109,0,0
BRDA:624,109,1,0
BRDA:644,110,0,0
BRDA:644,110,1,0
BRDA:650,111,0,0
BRDA:650,111,1,0
BRDA:653,112,0,0
BRDA:653,112,1,0
BRDA:658,113,0,0
BRDA:658,113,1,0
BRDA:658,114,0,0
BRDA:658,114,1,0
BRDA:661,115,0,0
BRDA:661,115,1,0
BRDA:661,116,0,0
BRDA:661,116,1,0
BRDA:664,117,0,0
BRDA:664,117,1,0
BRDA:665,118,0,0
BRDA:665,118,1,0
BRDA:672,119,0,0
BRDA:672,119,1,0
BRDA:673,120,0,0
BRDA:673,120,1,0
BRDA:729,121,0,0
BRDA:729,121,1,0
BRDA:729,122,0,0
BRDA:729,122,1,0
BRDA:729,123,0,0
BRDA:729,123,1,0
BRDA:740,124,0,0
BRDA:740,124,1,0
BRDA:741,125,0,0
BRDA:741,125,1,0
BRDA:742,126,0,0
BRDA:742,126,1,0
BRDA:757,127,0,0
BRDA:757,127,1,0
BRDA:758,128,0,0
BRDA:758,128,1,0
BRDA:771,129,0,0
BRDA:771,129,1,0
BRDA:771,130,0,0
BRDA:771,130,1,0
BRDA:780,131,0,0
BRDA:780,131,1,0
BRDA:812,132,0,0
BRDA:812,132,1,0
BRDA:813,133,0,0
BRDA:813,133,1,0
BRDA:815,134,0,0
BRDA:815,134,1,0
BRDA:825,135,0,0
BRDA:825,135,1,0
BRDA:825,136,0,0
BRDA:825,136,1,0
BRDA:827,137,0,0
BRDA:827,137,1,0
BRDA:828,138,0,0
BRDA:828,138,1,0
BRDA:830,139,0,0
BRDA:830,139,1,0
BRDA:831,140,0,0
BRDA:831,140,1,0
BRDA:837,141,0,0
BRDA:837,141,1,0
BRDA:838,142,0,0
BRDA:838,142,1,0
BRDA:865,143,0,0
BRDA:865,143,1,0
BRDA:865,143,2,0
BRDA:866,144,0,0
BRDA:866,144,1,0
BRDA:867,145,0,0
BRDA:867,145,1,0
BRDA:867,146,0,0
BRDA:867,146,1,0
BRDA:868,147,0,0
BRDA:868,147,1,0
BRDA:889,148,0,0
BRDA:889,148,1,0
BRDA:891,149,0,0
BRDA:891,149,1,0
BRDA:897,150,0,0
BRDA:897,150,1,0
BRDA:901,151,0,0
BRDA:901,151,1,0
BRDA:901,151,2,0
BRDA:902,152,0,0
BRDA:902,152,1,0
BRDA:916,153,0,0
BRDA:916,153,1,0
BRDA:931,154,0,0
BRDA:931,154,1,0
BRDA:965,155,0,0
BRDA:965,155,1,0
BRDA:967,156,0,0
BRDA:967,156,1,0
BRDA:969,157,0,0
BRDA:969,157,1,0
BRDA:971,158,0,0
BRDA:971,158,1,0
BRDA:971,159,0,0
BRDA:971,159,1,0
BRDA:976,160,0,0
BRDA:976,160,1,0
BRDA:976,161,0,0
BRDA:976,161,1,0
BRDA:992,162,0,0
BRDA:992,162,1,0
BRDA:1001,163,0,0
BRDA:1001,163,1,0
BRDA:1001,164,0,0
BRDA:1001,164,1,0
BRDA:1001,164,2,0
BRDA:1012,165,0,0
BRDA:1012,165,1,0
BRDA:1024,166,0,0
BRDA:1024,166,1,0
BRDA:1027,167,0,0
BRDA:1027,167,1,0
BRDA:1033,168,0,0
BRDA:1033,168,1,0
BRDA:1047,169,0,0
BRDA:1048,170,0,0
BRDA:1057,171,0,0
BRDA:1057,171,1,0
BRDA:1063,172,0,0
BRDA:1063,172,1,0
BRDA:1063,173,0,0
BRDA:1063,173,1,0
BRDA:1072,174,0,0
BRDA:1072,174,1,0
BRDA:1092,175,0,0
BRDA:1092,175,1,0
BRDA:1100,176,0,0
BRDA:1100,176,1,0
BRDA:1100,176,2,0
BRDA:1100,177,0,0
BRDA:1100,177,1,0
BRDA:1103,178,0,0
BRDA:1103,178,1,0
BRDA:1114,179,0,0
BRDA:1114,179,1,0
BRDA:1117,180,0,0
BRDA:1117,180,1,0
BRDA:1120,181,0,0
BRDA:1120,181,1,0
BRDA:1124,182,0,0
BRDA:1124,182,1,0
BRDA:1128,183,0,0
BRDA:1128,183,1,0
BRDA:1128,184,0,0
BRDA:1128,184,1,0
BRDA:1129,185,0,0
BRDA:1129,185,1,0
BRDA:1134,186,0,0
BRDA:1134,186,1,0
BRDA:1136,187,0,0
BRDA:1136,187,1,0
BRDA:1138,188,0,0
BRDA:1138,188,1,0
BRDA:1151,189,0,0
BRDA:1151,189,1,0
BRDA:1153,190,0,0
BRDA:1153,190,1,0
BRDA:1173,191,0,0
BRDA:1173,191,1,0
BRDA:1174,192,0,0
BRDA:1174,192,1,0
BRDA:1174,193,0,0
BRDA:1174,193,1,0
BRDA:1175,194,0,0
BRDA:1175,194,1,0
BRDA:1201,195,0,0
BRDA:1201,195,1,0
BRDA:1205,196,0,0
BRDA:1205,196,1,0
BRDA:1208,197,0,0
BRDA:1208,197,1,0
BRDA:1212,198,0,0
BRDA:1212,198,1,0
BRDA:1212,199,0,0
BRDA:1212,199,1,0
BRDA:1216,200,0,0
BRDA:1216,200,1,0
BRDA:1220,201,0,0
BRDA:1220,201,1,0
BRDA:1223,202,0,0
BRDA:1223,202,1,0
BRDA:1231,203,0,0
BRDA:1231,203,1,0
BRDA:1241,204,0,0
BRDA:1241,204,1,0
BRDA:1254,205,0,0
BRDA:1267,206,0,0
BRDA:1267,206,1,0
BRDA:1276,207,0,0
BRDA:1276,207,1,0
BRDA:1277,208,0,0
BRDA:1277,208,1,0
BRDA:1279,209,0,0
BRDA:1279,209,1,0
BRDA:1284,210,0,0
BRDA:1284,210,1,0
BRDA:1286,211,0,0
BRDA:1286,211,1,0
BRDA:1288,212,0,0
BRDA:1288,212,1,0
BRDA:1291,213,0,0
BRDA:1291,213,1,0
BRDA:1297,214,0,0
BRDA:1297,214,1,0
BRDA:1297,215,0,0
BRDA:1297,215,1,0
BRDA:1297,215,2,0
BRDA:1300,216,0,0
BRDA:1300,216,1,0
BRDA:1301,217,0,0
BRDA:1301,217,1,0
BRDA:1309,218,0,0
BRDA:1309,218,1,0
BRDA:1315,219,0,0
BRDA:1315,219,1,0
BRDA:1320,220,0,0
BRDA:1320,220,1,0
BRDA:1331,221,0,0
BRDA:1331,221,1,0
BRDA:1334,222,0,0
BRDA:1334,222,1,0
BRDA:1342,223,0,0
BRDA:1342,223,1,0
BRDA:1342,224,0,0
BRDA:1342,224,1,0
BRDA:1364,225,0,0
BRDA:1367,226,0,0
BRDA:1367,226,1,0
BRDA:1369,227,0,0
BRDA:1369,227,1,0
BRDA:1377,228,0,0
BRDA:1384,229,0,0
BRDA:1384,229,1,0
BRDA:1403,230,0,0
BRDA:1403,230,1,0
BRDA:1405,231,0,0
BRDA:1405,231,1,0
BRDA:1408,232,0,0
BRDA:1408,232,1,0
BRDA:1411,233,0,0
BRDA:1411,233,1,0
BRDA:1420,234,0,0
BRDA:1435,235,0,0
BRDA:1435,235,1,0
BRDA:1435,236,0,0
BRDA:1435,236,1,0
BRDA:1442,237,0,0
BRDA:1442,237,1,0
BRDA:1445,238,0,0
BRDA:1445,238,1,0
BRDA:1450,239,0,0
BRDA:1450,239,1,0
BRDA:1451,240,0,0
BRDA:1451,240,1,0
BRDA:1458,241,0,0
BRDA:1458,241,1,0
BRDA:1460,242,0,0
BRDA:1460,242,1,0
BRDA:1465,243,0,0
BRDA:1465,243,1,0
BRDA:1484,244,0,0
BRDA:1484,244,1,0
BRDA:1484,245,0,0
BRDA:1484,245,1,0
BRDA:1485,246,0,0
BRDA:1485,246,1,0
BRDA:1489,247,0,0
BRDA:1489,247,1,0
BRDA:1491,248,0,0
BRDA:1491,248,1,0
BRDA:1506,249,0,0
BRDA:1506,249,1,0
BRDA:1510,250,0,0
BRDA:1510,250,1,0
BRDA:1514,251,0,0
BRDA:1514,251,1,0
BRDA:1525,252,0,0
BRDA:1525,252,1,0
BRDA:1526,253,0,0
BRDA:1526,253,1,0
BRDA:1536,254,0,0
BRDA:1540,255,0,0
BRDA:1542,256,0,0
BRDA:1542,256,1,0
BRDA:1544,257,0,0
BRDA:1544,257,1,0
BRDA:1550,258,0,0
BRDA:1550,258,1,0
BRDA:1550,258,2,0
BRDA:1550,258,3,0
BRDA:1550,258,4,0
BRDA:1550,258,5,0
BRDA:1550,258,6,0
BRDA:1550,258,7,0
BRDA:1550,258,8,0
BRDA:1550,258,9,0
BRDA:1553,259,0,0
BRDA:1553,259,1,0
BRDA:1568,260,0,0
BRDA:1568,260,1,0
BRDA:1575,261,0,0
BRDA:1575,261,1,0
BRDA:1594,262,0,0
BRDA:1594,262,1,0
BRDA:1601,263,0,0
BRDA:1601,263,1,0
BRDA:1607,264,0,0
BRDA:1607,264,1,0
BRDA:1608,265,0,0
BRDA:1608,265,1,0
BRDA:1609,266,0,0
BRDA:1609,266,1,0
BRDA:1615,267,0,0
BRDA:1615,267,1,0
BRDA:1617,268,0,0
BRDA:1617,268,1,0
BRDA:1626,269,0,0
BRDA:1626,269,1,0
BRDA:1627,270,0,0
BRDA:1627,270,1,0
BRDA:1632,271,0,0
BRDA:1632,271,1,0
BRDA:1639,272,0,0
BRDA:1639,272,1,0
BRDA:1640,273,0,0
BRDA:1640,273,1,0
BRDA:1647,274,0,0
BRDA:1647,274,1,0
BRDA:1658,275,0,0
BRDA:1658,275,1,0
BRDA:1671,276,0,0
BRDA:1671,276,1,0
BRDA:1672,277,0,0
BRDA:1672,277,1,0
BRDA:1673,278,0,0
BRDA:1673,278,1,0
BRDA:1674,279,0,0
BRDA:1674,279,1,0
BRDA:1681,280,0,0
BRDA:1681,280,1,0
BRDA:1692,281,0,0
BRDA:1692,281,1,0
BRDA:1699,282,0,0
BRDA:1699,282,1,0
BRDA:1710,283,0,0
BRDA:1710,283,1,0
BRDA:1711,284,0,0
BRDA:1711,284,1,0
BRDA:1711,285,0,0
BRDA:1711,285,1,0
BRDA:1722,286,0,0
BRDA:1722,286,1,0
BRDA:1740,287,0,0
BRDA:1740,287,1,0
BRDA:1741,288,0,0
BRDA:1741,288,1,0
BRDA:1742,289,0,0
BRDA:1742,289,1,0
BRDA:1746,290,0,0
BRDA:1749,291,0,0
BRDA:1749,291,1,0
BRDA:1749,292,0,0
BRDA:1749,292,1,0
BRDA:1750,293,0,0
BRDA:1750,293,1,0
BRDA:1760,294,0,0
BRDA:1760,294,1,0
BRDA:1764,295,0,0
BRDA:1764,295,1,0
BRDA:1771,296,0,0
BRDA:1771,296,1,0
BRDA:1773,297,0,0
BRDA:1773,297,1,0
BRDA:1780,298,0,0
BRDA:1780,298,1,0
BRDA:1789,299,0,0
BRDA:1789,299,1,0
BRDA:1794,300,0,0
BRDA:1794,300,1,0
BRDA:1804,301,0,0
BRDA:1804,301,1,0
BRDA:1812,302,0,0
BRDA:1812,302,1,0
BRDA:1814,303,0,0
BRDA:1814,303,1,0
BRDA:1814,304,0,0
BRDA:1814,304,1,0
BRDA:1815,305,0,0
BRDA:1815,305,1,0
BRDA:1822,306,0,0
BRDA:1822,306,1,0
BRDA:1822,307,0,0
BRDA:1822,307,1,0
BRDA:1824,308,0,0
BRDA:1824,308,1,0
BRDA:1824,309,0,0
BRDA:1824,309,1,0
BRDA:1836,310,0,0
BRDA:1836,310,1,0
BRDA:1840,311,0,0
BRDA:1840,311,1,0
BRDA:1848,312,0,0
BRDA:1848,312,1,0
BRDA:1851,313,0,0
BRDA:1851,313,1,0
BRDA:1858,314,0,0
BRDA:1858,314,1,0
BRDA:1860,315,0,0
BRDA:1860,315,1,0
BRDA:1870,316,0,0
BRDA:1870,316,1,0
BRDA:1881,317,0,0
BRDA:1881,317,1,0
BRDA:1884,318,0,0
BRDA:1884,318,1,0
BRDA:1896,319,0,0
BRDA:1896,319,1,0
BRDA:1898,320,0,0
BRDA:1898,320,1,0
BRDA:1898,321,0,0
BRDA:1898,321,1,0
BRDA:1906,322,0,0
BRDA:1906,322,1,0
BRDA:1971,323,0,0
BRDA:1975,324,0,0
BRDA:1975,324,1,0
BRDA:1975,325,0,0
BRDA:1975,325,1,0
BRDA:1981,326,0,0
BRDA:1981,326,1,0
BRDA:1991,327,0,0
BRDA:1991,327,1,0
BRDA:1992,328,0,0
BRDA:1992,328,1,0
BRDA:1996,329,0,0
BRDA:1996,329,1,0
BRDA:1997,330,0,0
BRDA:1997,330,1,0
BRDA:2003,331,0,0
BRDA:2003,331,1,0
BRDA:2004,332,0,0
BRDA:2004,332,1,0
BRDA:2007,333,0,0
BRDA:2007,333,1,0
BRDA:2015,334,0,0
BRDA:2025,335,0,0
BRDA:2025,335,1,0
BRDA:2026,336,0,0
BRDA:2026,336,1,0
BRDA:2041,337,0,0
BRDA:2041,337,1,0
BRDA:2042,338,0,0
BRDA:2042,338,1,0
BRDA:2073,339,0,0
BRDA:2082,340,0,0
BRDA:2082,340,1,0
BRDA:2083,341,0,0
BRDA:2083,341,1,0
BRDA:2084,342,0,0
BRDA:2084,342,1,0
BRDA:2087,343,0,0
BRDA:2087,343,1,0
BRDA:2090,344,0,0
BRDA:2090,344,1,0
BRDA:2112,345,0,0
BRDA:2112,345,1,0
BRDA:2114,346,0,0
BRDA:2114,346,1,0
BRDA:2115,347,0,0
BRDA:2115,347,1,0
BRDA:2132,348,0,0
BRDA:2132,348,1,0
BRDA:2133,349,0,0
BRDA:2133,349,1,0
BRDA:2138,350,0,0
BRDA:2140,351,0,0
BRDA:2140,351,1,0
BRDA:2140,351,2,0
BRDA:2140,351,3,0
BRDA:2140,351,4,0
BRDA:2149,352,0,0
BRDA:2149,352,1,0
BRDA:2155,353,0,0
BRDA:2155,353,1,0
BRDA:2162,354,0,0
BRDA:2162,354,1,0
BRDA:2162,355,0,0
BRDA:2162,355,1,0
BRDA:2178,356,0,0
BRDA:2178,356,1,0
BRDA:2207,357,0,0
BRDA:2213,358,0,0
BRDA:2213,358,1,0
BRDA:2214,359,0,0
BRDA:2214,359,1,0
BRDA:2214,360,0,0
BRDA:2214,360,1,0
BRDA:2216,361,0,0
BRDA:2216,361,1,0
BRDA:2219,362,0,0
BRDA:2219,362,1,0
BRDA:2222,363,0,0
BRDA:2222,363,1,0
BRDA:2226,364,0,0
BRDA:2226,364,1,0
BRDA:2229,365,0,0
BRDA:2229,365,1,0
BRDA:2233,366,0,0
BRDA:2233,366,1,0
BRDA:2243,367,0,0
BRDA:2246,368,0,0
BRDA:2251,369,0,0
BRDA:2251,369,1,0
BRDA:2252,370,0,0
BRDA:2252,370,1,0
BRDA:2262,371,0,0
BRDA:2262,371,1,0
BRDA:2265,372,0,0
BRDA:2265,372,1,0
BRDA:2267,373,0,0
BRDA:2267,373,1,0
BRDA:2269,374,0,0
BRDA:2269,374,1,0
BRDA:2295,375,0,0
BRDA:2295,375,1,0
BRDA:2306,376,0,0
BRDA:2306,376,1,0
BRDA:2316,377,0,0
BRDA:2316,377,1,0
BRDA:2324,378,0,0
BRDA:2326,379,0,0
BRDA:2326,379,1,0
BRDA:2349,380,0,0
BRDA:2349,380,1,0
BRDA:2350,381,0,0
BRDA:2350,381,1,0
BRDA:2351,382,0,0
BRDA:2351,382,1,0
BRDA:2354,383,0,0
BRDA:2354,383,1,0
BRDA:2354,384,0,0
BRDA:2354,384,1,0
BRDA:2364,385,0,0
BRDA:2364,385,1,0
BRDA:2392,386,0,0
BRDA:2392,386,1,0
BRDA:2395,387,0,0
BRDA:2395,387,1,0
BRDA:2409,388,0,0
BRDA:2409,388,1,0
BRDA:2423,389,0,0
BRDA:2423,389,1,0
BRDA:2423,390,0,0
BRDA:2423,390,1,0
BRDA:2432,391,0,0
BRDA:2432,391,1,0
BRDA:2432,392,0,0
BRDA:2432,392,1,0
BRDA:2443,393,0,0
BRDA:2443,393,1,0
BRDA:2445,394,0,0
BRDA:2445,394,1,0
BRDA:2459,395,0,0
BRDA:2459,395,1,0
BRDA:2460,396,0,0
BRDA:2460,396,1,0
BRDA:2478,397,0,0
BRDA:2478,397,1,0
BRDA:2510,398,0,0
BRDA:2513,399,0,0
BRDA:2513,399,1,0
BRDA:2517,400,0,0
BRDA:2517,400,1,0
BRDA:2517,401,0,0
BRDA:2517,401,1,0
BRDA:2517,402,0,0
BRDA:2517,402,1,0
BRDA:2520,403,0,0
BRDA:2520,403,1,0
BRDA:2520,404,0,0
BRDA:2520,404,1,0
BRDA:2522,405,0,0
BRDA:2522,405,1,0
BRDA:2548,406,0,0
BRDA:2548,406,1,0
BRDA:2548,407,0,0
BRDA:2548,407,1,0
BRDA:2548,407,2,0
BRDA:2551,408,0,0
BRDA:2551,408,1,0
BRDA:2556,409,0,0
BRDA:2556,409,1,0
BRDA:2568,410,0,0
BRDA:2568,410,1,0
BRDA:2583,411,0,0
BRDA:2583,411,1,0
BRDA:2597,412,0,0
BRDA:2597,412,1,0
BRDA:2597,413,0,0
BRDA:2597,413,1,0
BRDA:2598,414,0,0
BRDA:2598,414,1,0
BRDA:2603,415,0,0
BRDA:2603,415,1,0
BRDA:2621,416,0,0
BRDA:2621,416,1,0
BRDA:2628,417,0,0
BRDA:2628,417,1,0
BRDA:2651,418,0,0
BRDA:2653,419,0,0
BRDA:2653,419,1,0
BRDA:2654,420,0,0
BRDA:2654,420,1,0
BRDA:2654,421,0,0
BRDA:2654,421,1,0
BRDA:2656,422,0,0
BRDA:2656,422,1,0
BRDA:2656,423,0,0
BRDA:2656,423,1,0
BRDA:2656,423,2,0
BRDA:2656,423,3,0
BRDA:2663,424,0,0
BRDA:2663,424,1,0
BRDA:2664,425,0,0
BRDA:2664,425,1,0
BRDA:2665,426,0,0
BRDA:2665,426,1,0
BRDA:2671,427,0,0
BRDA:2671,427,1,0
BRDA:2673,428,0,0
BRDA:2673,428,1,0
BRDA:2676,429,0,0
BRDA:2676,429,1,0
BRDA:2690,430,0,0
BRDA:2693,431,0,0
BRDA:2693,431,1,0
BRDA:2697,432,0,0
BRDA:2697,432,1,0
BRDA:2698,433,0,0
BRDA:2698,433,1,0
BRDA:2698,434,0,0
BRDA:2698,434,1,0
BRDA:2699,435,0,0
BRDA:2699,435,1,0
BRDA:2701,436,0,0
BRDA:2701,436,1,0
BRDA:2709,437,0,0
BRDA:2709,437,1,0
BRDA:2724,438,0,0
BRDA:2724,438,1,0
BRDA:2725,439,0,0
BRDA:2725,439,1,0
BRDA:2729,440,0,0
BRDA:2729,440,1,0
BRDA:2736,441,0,0
BRDA:2736,441,1,0
BRDA:2738,442,0,0
BRDA:2738,442,1,0
BRDA:2744,443,0,0
BRDA:2744,443,1,0
BRDA:2755,444,0,0
BRDA:2755,444,1,0
BRDA:2756,445,0,0
BRDA:2756,445,1,0
BRDA:2763,446,0,0
BRDA:2763,446,1,0
BRDA:2768,447,0,0
BRDA:2768,447,1,0
BRDA:2769,448,0,0
BRDA:2769,448,1,0
BRDA:2779,449,0,0
BRDA:2779,449,1,0
BRDA:2787,450,0,0
BRDA:2787,450,1,0
BRDA:2788,451,0,0
BRDA:2788,451,1,0
BRDA:2800,452,0,0
BRDA:2800,452,1,0
BRDA:2807,453,0,0
BRDA:2807,453,1,0
BRDA:2819,454,0,0
BRDA:2819,454,1,0
BRDA:2819,455,0,0
BRDA:2819,455,1,0
BRDA:2832,456,0,0
BRDA:2832,456,1,0
BRDA:2833,457,0,0
BRDA:2833,457,1,0
BRDA:2834,458,0,0
BRDA:2834,458,1,0
BRDA:3058,459,0,0
BRDA:3058,459,1,0
BRDA:3064,460,0,0
BRDA:3064,460,1,0
BRF:918
BRH:0
end_of_record
TN:
SF:src/core.ts
FN:9,readVersion
FN:167,cwd
FN:172,ctxPath
FN:177,ctxPathIn
FN:181,statePath
FN:185,readState
FN:195,writeState
FN:199,writeFileSafe
FN:207,strArray
FN:208,(anonymous_9)
FN:213,appendFileSafe
FN:219,journalPath
FN:224,indexPath
FN:228,recomputeTotals
FN:231,(anonymous_14)
FN:232,(anonymous_15)
FN:233,(anonymous_16)
FN:234,(anonymous_17)
FN:239,safeCommandName
FN:247,resolveCommand
FN:254,needsShellForCommand
FN:259,hasCommand
FN:263,isGitRepo
FN:269,(anonymous_23)
FN:269,(anonymous_24)
FN:280,parseFlags
FNF:26
FNH:0
FNDA:0,readVersion
FNDA:0,cwd
FNDA:0,ctxPath
FNDA:0,ctxPathIn
FNDA:0,statePath
FNDA:0,readState
FNDA:0,writeState
FNDA:0,writeFileSafe
FNDA:0,strArray
FNDA:0,(anonymous_9)
FNDA:0,appendFileSafe
FNDA:0,journalPath
FNDA:0,indexPath
FNDA:0,recomputeTotals
FNDA:0,(anonymous_14)
FNDA:0,(anonymous_15)
FNDA:0,(anonymous_16)
FNDA:0,(anonymous_17)
FNDA:0,safeCommandName
FNDA:0,resolveCommand
FNDA:0,needsShellForCommand
FNDA:0,hasCommand
FNDA:0,isGitRepo
FNDA:0,(anonymous_23)
FNDA:0,(anonymous_24)
FNDA:0,parseFlags
DA:15,0
DA:16,0
DA:17,0
DA:18,0
DA:19,0
DA:20,0
DA:21,0
DA:22,0
DA:23,0
DA:25,0
DA:26,0
DA:27,0
DA:32,0
DA:35,0
DA:38,0
DA:41,0
DA:168,0
DA:173,0
DA:178,0
DA:182,0
DA:186,0
DA:187,0
DA:188,0
DA:189,0
DA:191,0
DA:196,0
DA:200,0
DA:201,0
DA:208,0
DA:214,0
DA:215,0
DA:220,0
DA:225,0
DA:229,0
DA:231,0
DA:232,0
DA:233,0
DA:234,0
DA:236,0
DA:243,0
DA:248,0
DA:249,0
DA:250,0
DA:255,0
DA:260,0
DA:264,0
DA:268,0
DA:269,0
DA:270,0
DA:284,0
DA:285,0
DA:286,0
DA:287,0
DA:288,0
DA:289,0
DA:290,0
DA:291,0
DA:292,0
DA:293,0
DA:295,0
DA:298,0
DA:301,0
LF:62
LH:0
BRDA:10,0,0,0
BRDA:15,1,0,0
BRDA:15,1,1,0
BRDA:16,2,0,0
BRDA:16,2,1,0
BRDA:21,3,0,0
BRDA:21,3,1,0
BRDA:23,4,0,0
BRDA:23,4,1,0
BRDA:26,5,0,0
BRDA:26,5,1,0
BRDA:181,6,0,0
BRDA:185,7,0,0
BRDA:187,8,0,0
BRDA:187,8,1,0
BRDA:201,9,0,0
BRDA:201,9,1,0
BRDA:208,10,0,0
BRDA:208,10,1,0
BRDA:220,11,0,0
BRDA:220,11,1,0
BRDA:225,12,0,0
BRDA:225,12,1,0
BRDA:248,13,0,0
BRDA:248,13,1,0
BRDA:250,14,0,0
BRDA:250,14,1,0
BRDA:255,15,0,0
BRDA:255,15,1,0
BRDA:264,16,0,0
BRDA:264,16,1,0
BRDA:268,17,0,0
BRDA:268,17,1,0
BRDA:269,18,0,0
BRDA:269,18,1,0
BRDA:288,19,0,0
BRDA:288,19,1,0
BRDA:291,20,0,0
BRDA:291,20,1,0
BRDA:291,21,0,0
BRDA:291,21,1,0
BRF:41
BRH:0
end_of_record
TN:
SF:src/dispatch.ts
FN:69,defaultSpawner
FN:106,makeAsyncSpawner
FN:108,(anonymous_2)
FN:131,(anonymous_3)
FN:135,(anonymous_4)
FN:144,(anonymous_5)
FN:151,(anonymous_6)
FN:161,(anonymous_7)
FN:204,isUnavailable
FN:209,copilotVersion
FN:230,engineCommand
FN:258,buildEnginePrompt
FN:270,extractJsonObjects
FN:300,asSummary
FN:351,tryParseSummary
FN:365,parseEngineSummary
FN:367,(anonymous_16)
FN:389,resolveCli
FN:397,(anonymous_18)
FN:411,bridgeCommand
FN:415,materializePrompt
FN:420,(anonymous_21)
FN:427,buildResult
FN:451,runDispatch
FN:461,(anonymous_24)
FN:485,runDispatchAsync
FN:511,persistDispatch
FNF:27
FNH:0
FNDA:0,defaultSpawner
FNDA:0,makeAsyncSpawner
FNDA:0,(anonymous_2)
FNDA:0,(anonymous_3)
FNDA:0,(anonymous_4)
FNDA:0,(anonymous_5)
FNDA:0,(anonymous_6)
FNDA:0,(anonymous_7)
FNDA:0,isUnavailable
FNDA:0,copilotVersion
FNDA:0,engineCommand
FNDA:0,buildEnginePrompt
FNDA:0,extractJsonObjects
FNDA:0,asSummary
FNDA:0,tryParseSummary
FNDA:0,parseEngineSummary
FNDA:0,(anonymous_16)
FNDA:0,resolveCli
FNDA:0,(anonymous_18)
FNDA:0,bridgeCommand
FNDA:0,materializePrompt
FNDA:0,(anonymous_21)
FNDA:0,buildResult
FNDA:0,runDispatch
FNDA:0,(anonymous_24)
FNDA:0,runDispatchAsync
FNDA:0,persistDispatch
DA:13,0
DA:14,0
DA:15,0
DA:16,0
DA:70,0
DA:71,0
DA:75,0
DA:77,0
DA:107,0
DA:108,0
DA:109,0
DA:114,0
DA:120,0
DA:121,0
DA:123,0
DA:124,0
DA:125,0
DA:126,0
DA:127,0
DA:128,0
DA:131,0
DA:132,0
DA:133,0
DA:134,0
DA:135,0
DA:136,0
DA:137,0
DA:141,0
DA:144,0
DA:145,0
DA:146,0
DA:148,0
DA:150,0
DA:152,0
DA:153,0
DA:154,0
DA:155,0
DA:156,0
DA:157,0
DA:158,0
DA:162,0
DA:163,0
DA:164,0
DA:165,0
DA:166,0
DA:167,0
DA:168,0
DA:173,0
DA:174,0
DA:175,0
DA:176,0
DA:181,0
DA:205,0
DA:210,0
DA:211,0
DA:212,0
DA:213,0
DA:217,0
DA:231,0
DA:233,0
DA:235,0
DA:237,0
DA:238,0
DA:239,0
DA:246,0
DA:247,0
DA:252,0
DA:259,0
DA:271,0
DA:272,0
DA:273,0
DA:274,0
DA:275,0
DA:276,0
DA:277,0
DA:278,0
DA:279,0
DA:280,0
DA:281,0
DA:282,0
DA:284,0
DA:285,0
DA:286,0
DA:287,0
DA:288,0
DA:289,0
DA:290,0
DA:291,0
DA:292,0
DA:296,0
DA:301,0
DA:302,0
DA:306,0
DA:307,0
DA:308,0
DA:311,0
DA:312,0
DA:314,0
DA:319,0
DA:320,0
DA:321,0
DA:323,0
DA:324,0
DA:325,0
DA:326,0
DA:333,0
DA:334,0
DA:336,0
DA:337,0
DA:346,0
DA:348,0
DA:352,0
DA:353,0
DA:355,0
DA:366,0
DA:367,0
DA:368,0
DA:369,0
DA:370,0
DA:372,0
DA:373,0
DA:374,0
DA:376,0
DA:397,0
DA:398,0
DA:399,0
DA:400,0
DA:402,0
DA:412,0
DA:419,0
DA:420,0
DA:421,0
DA:422,0
DA:423,0
DA:424,0
DA:433,0
DA:434,0
DA:452,0
DA:453,0
DA:454,0
DA:455,0
DA:456,0
DA:457,0
DA:461,0
DA:463,0
DA:464,0
DA:465,0
DA:467,0
DA:469,0
DA:470,0
DA:471,0
DA:472,0
DA:488,0
DA:489,0
DA:490,0
DA:491,0
DA:492,0
DA:493,0
DA:496,0
DA:497,0
DA:499,0
DA:500,0
DA:501,0
DA:502,0
DA:512,0
DA:513,0
DA:514,0
LF:167
LH:0
BRDA:106,0,0,0
BRDA:107,1,0,0
BRDA:109,2,0,0
BRDA:109,2,1,0
BRDA:110,3,0,0
BRDA:110,3,1,0
BRDA:134,4,0,0
BRDA:134,4,1,0
BRDA:141,5,0,0
BRDA:141,5,1,0
BRDA:145,6,0,0
BRDA:145,6,1,0
BRDA:146,7,0,0
BRDA:146,7,1,0
BRDA:154,8,0,0
BRDA:154,8,1,0
BRDA:164,9,0,0
BRDA:164,9,1,0
BRDA:173,10,0,0
BRDA:173,10,1,0
BRDA:174,11,0,0
BRDA:174,11,1,0
BRDA:176,12,0,0
BRDA:176,12,1,0
BRDA:176,13,0,0
BRDA:176,13,1,0
BRDA:209,14,0,0
BRDA:211,15,0,0
BRDA:211,15,1,0
BRDA:213,16,0,0
BRDA:213,16,1,0
BRDA:213,17,0,0
BRDA:213,17,1,0
BRDA:230,18,0,0
BRDA:231,19,0,0
BRDA:231,19,1,0
BRDA:231,19,2,0
BRDA:237,20,0,0
BRDA:237,20,1,0
BRDA:238,21,0,0
BRDA:238,21,1,0
BRDA:246,22,0,0
BRDA:246,22,1,0
BRDA:247,23,0,0
BRDA:247,23,1,0
BRDA:278,24,0,0
BRDA:278,24,1,0
BRDA:279,25,0,0
BRDA:279,25,1,0
BRDA:280,26,0,0
BRDA:280,26,1,0
BRDA:281,27,0,0
BRDA:281,27,1,0
BRDA:284,28,0,0
BRDA:284,28,1,0
BRDA:285,29,0,0
BRDA:285,29,1,0
BRDA:286,30,0,0
BRDA:286,30,1,0
BRDA:288,31,0,0
BRDA:288,31,1,0
BRDA:288,32,0,0
BRDA:288,32,1,0
BRDA:290,33,0,0
BRDA:290,33,1,0
BRDA:290,34,0,0
BRDA:290,34,1,0
BRDA:301,35,0,0
BRDA:301,35,1,0
BRDA:301,36,0,0
BRDA:301,36,1,0
BRDA:306,37,0,0
BRDA:306,37,1,0
BRDA:306,38,0,0
BRDA:306,38,1,0
BRDA:308,39,0,0
BRDA:308,39,1,0
BRDA:311,40,0,0
BRDA:311,40,1,0
BRDA:311,41,0,0
BRDA:311,41,1,0
BRDA:314,42,0,0
BRDA:314,42,1,0
BRDA:314,43,0,0
BRDA:314,43,1,0
BRDA:319,44,0,0
BRDA:319,44,1,0
BRDA:319,45,0,0
BRDA:319,45,1,0
BRDA:319,45,2,0
BRDA:320,46,0,0
BRDA:320,46,1,0
BRDA:321,47,0,0
BRDA:321,47,1,0
BRDA:321,48,0,0
BRDA:321,48,1,0
BRDA:324,49,0,0
BRDA:324,49,1,0
BRDA:324,50,0,0
BRDA:324,50,1,0
BRDA:326,51,0,0
BRDA:326,51,1,0
BRDA:326,52,0,0
BRDA:326,52,1,0
BRDA:333,53,0,0
BRDA:333,53,1,0
BRDA:333,54,0,0
BRDA:333,54,1,0
BRDA:334,55,0,0
BRDA:334,55,1,0
BRDA:336,56,0,0
BRDA:336,56,1,0
BRDA:366,57,0,0
BRDA:366,57,1,0
BRDA:367,58,0,0
BRDA:367,58,1,0
BRDA:370,59,0,0
BRDA:370,59,1,0
BRDA:374,60,0,0
BRDA:374,60,1,0
BRDA:392,61,0,0
BRDA:397,62,0,0
BRDA:397,62,1,0
BRDA:398,63,0,0
BRDA:398,63,1,0
BRDA:399,64,0,0
BRDA:399,64,1,0
BRDA:399,65,0,0
BRDA:399,65,1,0
BRDA:404,66,0,0
BRDA:404,66,1,0
BRDA:404,67,0,0
BRDA:404,67,1,0
BRDA:412,68,0,0
BRDA:412,68,1,0
BRDA:419,69,0,0
BRDA:419,69,1,0
BRDA:420,70,0,0
BRDA:420,70,1,0
BRDA:421,71,0,0
BRDA:421,71,1,0
BRDA:440,72,0,0
BRDA:440,72,1,0
BRDA:440,73,0,0
BRDA:440,73,1,0
BRDA:453,74,0,0
BRDA:453,74,1,0
BRDA:454,75,0,0
BRDA:454,75,1,0
BRDA:455,76,0,0
BRDA:455,76,1,0
BRDA:457,77,0,0
BRDA:457,77,1,0
BRDA:461,78,0,0
BRDA:461,78,1,0
BRDA:463,79,0,0
BRDA:463,79,1,0
BRDA:470,80,0,0
BRDA:470,80,1,0
BRDA:489,81,0,0
BRDA:489,81,1,0
BRDA:490,82,0,0
BRDA:490,82,1,0
BRDA:491,83,0,0
BRDA:491,83,1,0
BRDA:493,84,0,0
BRDA:493,84,1,0
BRDA:496,85,0,0
BRDA:496,85,1,0
BRDA:500,86,0,0
BRDA:500,86,1,0
BRF:171
BRH:0
end_of_record
TN:
SF:src/engine-quota.ts
FN:29,parsePercent
FN:37,parseQuotaOutput
FN:91,classify
FN:99,checkEngineQuota
FNF:4
FNH:0
FNDA:0,parsePercent
FNDA:0,parseQuotaOutput
FNDA:0,classify
FNDA:0,checkEngineQuota
DA:30,0
DA:31,0
DA:32,0
DA:33,0
DA:38,0
DA:39,0
DA:42,0
DA:43,0
DA:44,0
DA:45,0
DA:48,0
DA:49,0
DA:50,0
DA:52,0
DA:53,0
DA:62,0
DA:67,0
DA:68,0
DA:69,0
DA:70,0
DA:71,0
DA:72,0
DA:73,0
DA:83,0
DA:84,0
DA:85,0
DA:88,0
DA:92,0
DA:93,0
DA:94,0
DA:95,0
DA:96,0
DA:100,0
DA:101,0
DA:102,0
DA:110,0
DA:111,0
DA:113,0
DA:114,0
DA:117,0
DA:118,0
DA:125,0
LF:42
LH:0
BRDA:31,0,0,0
BRDA:31,0,1,0
BRDA:32,1,0,0
BRDA:32,1,1,0
BRDA:33,2,0,0
BRDA:33,2,1,0
BRDA:39,3,0,0
BRDA:39,3,1,0
BRDA:42,4,0,0
BRDA:42,4,1,0
BRDA:45,5,0,0
BRDA:45,5,1,0
BRDA:45,5,2,0
BRDA:48,6,0,0
BRDA:48,6,1,0
BRDA:48,6,2,0
BRDA:49,7,0,0
BRDA:49,7,1,0
BRDA:50,8,0,0
BRDA:50,8,1,0
BRDA:52,9,0,0
BRDA:52,9,1,0
BRDA:52,10,0,0
BRDA:52,10,1,0
BRDA:68,11,0,0
BRDA:68,11,1,0
BRDA:69,12,0,0
BRDA:69,12,1,0
BRDA:70,13,0,0
BRDA:70,13,1,0
BRDA:71,14,0,0
BRDA:71,14,1,0
BRDA:84,15,0,0
BRDA:84,15,1,0
BRDA:93,16,0,0
BRDA:93,16,1,0
BRDA:94,17,0,0
BRDA:94,17,1,0
BRDA:95,18,0,0
BRDA:95,18,1,0
BRDA:100,19,0,0
BRDA:100,19,1,0
BRDA:101,20,0,0
BRDA:101,20,1,0
BRDA:110,21,0,0
BRDA:110,21,1,0
BRDA:113,22,0,0
BRDA:113,22,1,0
BRDA:117,23,0,0
BRDA:117,23,1,0
BRF:50
BRH:0
end_of_record
TN:
SF:src/frontmatter.ts
FN:19,coerce
FN:32,parseInlineList
FN:35,(anonymous_2)
FN:38,indentOf
FN:51,emptyMap
FN:55,parseBlock
FN:93,(anonymous_6)
FN:96,(anonymous_7)
FN:97,(anonymous_8)
FN:120,parseFrontmatter
FNF:10
FNH:0
FNDA:0,coerce
FNDA:0,parseInlineList
FNDA:0,(anonymous_2)
FNDA:0,indentOf
FNDA:0,emptyMap
FNDA:0,parseBlock
FNDA:0,(anonymous_6)
FNDA:0,(anonymous_7)
FNDA:0,(anonymous_8)
FNDA:0,parseFrontmatter
DA:20,0
DA:21,0
DA:22,0
DA:23,0
DA:25,0
DA:26,0
DA:27,0
DA:28,0
DA:29,0
DA:33,0
DA:34,0
DA:35,0
DA:39,0
DA:48,0
DA:52,0
DA:56,0
DA:57,0
DA:58,0
DA:59,0
DA:60,0
DA:61,0
DA:62,0
DA:63,0
DA:65,0
DA:66,0
DA:67,0
DA:68,0
DA:70,0
DA:71,0
DA:72,0
DA:75,0
DA:77,0
DA:79,0
DA:80,0
DA:81,0
DA:82,0
DA:83,0
DA:84,0
DA:85,0
DA:86,0
DA:88,0
DA:89,0
DA:90,0
DA:92,0
DA:93,0
DA:94,0
DA:95,0
DA:96,0
DA:97,0
DA:98,0
DA:99,0
DA:101,0
DA:104,0
DA:105,0
DA:106,0
DA:107,0
DA:109,0
DA:110,0
DA:113,0
DA:121,0
DA:122,0
DA:123,0
DA:124,0
DA:125,0
DA:126,0
DA:127,0
DA:128,0
DA:131,0
DA:132,0
DA:133,0
DA:137,0
LF:71
LH:0
BRDA:21,0,0,0
BRDA:21,0,1,0
BRDA:22,1,0,0
BRDA:22,1,1,0
BRDA:22,2,0,0
BRDA:22,2,1,0
BRDA:22,2,2,0
BRDA:22,2,3,0
BRDA:25,3,0,0
BRDA:25,3,1,0
BRDA:26,4,0,0
BRDA:26,4,1,0
BRDA:27,5,0,0
BRDA:27,5,1,0
BRDA:27,6,0,0
BRDA:27,6,1,0
BRDA:28,7,0,0
BRDA:28,7,1,0
BRDA:34,8,0,0
BRDA:34,8,1,0
BRDA:61,9,0,0
BRDA:61,9,1,0
BRDA:61,10,0,0
BRDA:61,10,1,0
BRDA:66,11,0,0
BRDA:66,11,1,0
BRDA:66,12,0,0
BRDA:66,12,1,0
BRDA:71,13,0,0
BRDA:71,13,1,0
BRDA:77,14,0,0
BRDA:77,14,1,0
BRDA:83,15,0,0
BRDA:83,15,1,0
BRDA:88,16,0,0
BRDA:88,16,1,0
BRDA:92,17,0,0
BRDA:92,17,1,0
BRDA:94,18,0,0
BRDA:94,18,1,0
BRDA:98,19,0,0
BRDA:98,19,1,0
BRDA:105,20,0,0
BRDA:105,20,1,0
BRDA:105,21,0,0
BRDA:105,21,1,0
BRDA:106,22,0,0
BRDA:106,22,1,0
BRDA:109,23,0,0
BRDA:109,23,1,0
BRDA:123,24,0,0
BRDA:123,24,1,0
BRDA:126,25,0,0
BRDA:126,25,1,0
BRDA:131,26,0,0
BRDA:131,26,1,0
BRF:56
BRH:0
end_of_record
TN:
SF:src/gates.ts
FN:17,normPrefix
FN:22,prefixesOverlap
FN:30,findScopeConflicts
FN:41,(anonymous_3)
FN:41,(anonymous_4)
FN:56,policyGates
FN:71,(anonymous_6)
FN:83,(anonymous_7)
FN:101,(anonymous_8)
FN:101,(anonymous_9)
FN:113,(anonymous_10)
FN:135,(anonymous_11)
FN:157,findE2eFiles
FN:173,e2eUnicodeSelectorWarning
FN:197,e2eEvaluateDynamicImportWarning
FNF:15
FNH:0
FNDA:0,normPrefix
FNDA:0,prefixesOverlap
FNDA:0,findScopeConflicts
FNDA:0,(anonymous_3)
FNDA:0,(anonymous_4)
FNDA:0,policyGates
FNDA:0,(anonymous_6)
FNDA:0,(anonymous_7)
FNDA:0,(anonymous_8)
FNDA:0,(anonymous_9)
FNDA:0,(anonymous_10)
FNDA:0,(anonymous_11)
FNDA:0,findE2eFiles
FNDA:0,e2eUnicodeSelectorWarning
FNDA:0,e2eEvaluateDynamicImportWarning
DA:18,0
DA:23,0
DA:24,0
DA:33,0
DA:34,0
DA:35,0
DA:36,0
DA:37,0
DA:38,0
DA:39,0
DA:40,0
DA:41,0
DA:42,0
DA:46,0
DA:57,0
DA:58,0
DA:59,0
DA:60,0
DA:61,0
DA:68,0
DA:71,0
DA:72,0
DA:73,0
DA:74,0
DA:79,0
DA:83,0
DA:84,0
DA:85,0
DA:86,0
DA:89,0
DA:93,0
DA:94,0
DA:95,0
DA:96,0
DA:97,0
DA:98,0
DA:99,0
DA:100,0
DA:101,0
DA:102,0
DA:103,0
DA:104,0
DA:108,0
DA:113,0
DA:114,0
DA:115,0
DA:116,0
DA:117,0
DA:118,0
DA:119,0
DA:121,0
DA:122,0
DA:125,0
DA:127,0
DA:128,0
DA:129,0
DA:132,0
DA:134,0
DA:135,0
DA:136,0
DA:140,0
DA:145,0
DA:146,0
DA:148,0
DA:153,0
DA:155,0
DA:158,0
DA:159,0
DA:160,0
DA:161,0
DA:162,0
DA:163,0
DA:164,0
DA:169,0
DA:174,0
DA:175,0
DA:176,0
DA:178,0
DA:179,0
DA:181,0
DA:183,0
DA:184,0
DA:185,0
DA:186,0
DA:187,0
DA:188,0
DA:189,0
DA:193,0
DA:198,0
DA:199,0
DA:200,0
DA:201,0
DA:202,0
DA:203,0
DA:207,0
DA:208,0
DA:209,0
DA:210,0
DA:211,0
DA:212,0
DA:213,0
DA:214,0
DA:215,0
DA:216,0
DA:217,0
DA:220,0
DA:222,0
DA:228,0
DA:229,0
DA:230,0
DA:231,0
DA:232,0
DA:238,0
LF:113
LH:0
BRDA:23,0,0,0
BRDA:23,0,1,0
BRDA:23,1,0,0
BRDA:23,1,1,0
BRDA:25,2,0,0
BRDA:25,2,1,0
BRDA:25,2,2,0
BRDA:25,2,3,0
BRDA:25,2,4,0
BRDA:38,3,0,0
BRDA:38,3,1,0
BRDA:39,4,0,0
BRDA:39,4,1,0
BRDA:40,5,0,0
BRDA:40,5,1,0
BRDA:40,6,0,0
BRDA:40,6,1,0
BRDA:41,7,0,0
BRDA:41,7,1,0
BRDA:42,8,0,0
BRDA:42,8,1,0
BRDA:42,9,0,0
BRDA:42,9,1,0
BRDA:60,10,0,0
BRDA:60,10,1,0
BRDA:68,11,0,0
BRDA:68,11,1,0
BRDA:71,12,0,0
BRDA:71,12,1,0
BRDA:72,13,0,0
BRDA:72,13,1,0
BRDA:83,14,0,0
BRDA:83,14,1,0
BRDA:84,15,0,0
BRDA:84,15,1,0
BRDA:98,16,0,0
BRDA:98,16,1,0
BRDA:99,17,0,0
BRDA:99,17,1,0
BRDA:100,18,0,0
BRDA:100,18,1,0
BRDA:100,19,0,0
BRDA:100,19,1,0
BRDA:102,20,0,0
BRDA:102,20,1,0
BRDA:108,21,0,0
BRDA:108,21,1,0
BRDA:113,22,0,0
BRDA:113,22,1,0
BRDA:116,23,0,0
BRDA:116,23,1,0
BRDA:121,24,0,0
BRDA:121,24,1,0
BRDA:128,25,0,0
BRDA:128,25,1,0
BRDA:135,26,0,0
BRDA:135,26,1,0
BRDA:141,27,0,0
BRDA:141,27,1,0
BRDA:145,28,0,0
BRDA:145,28,1,0
BRDA:146,29,0,0
BRDA:146,29,1,0
BRDA:160,30,0,0
BRDA:160,30,1,0
BRDA:164,31,0,0
BRDA:164,31,1,0
BRDA:185,32,0,0
BRDA:185,32,1,0
BRDA:188,33,0,0
BRDA:188,33,1,0
BRDA:188,33,2,0
BRDA:188,33,3,0
BRDA:211,34,0,0
BRDA:211,34,1,0
BRDA:212,35,0,0
BRDA:212,35,1,0
BRDA:214,36,0,0
BRDA:214,36,1,0
BRDA:216,37,0,0
BRDA:216,37,1,0
BRDA:222,38,0,0
BRDA:222,38,1,0
BRDA:222,39,0,0
BRDA:222,39,1,0
BRDA:222,39,2,0
BRDA:231,40,0,0
BRDA:231,40,1,0
BRDA:231,41,0,0
BRDA:231,41,1,0
BRDA:232,42,0,0
BRDA:232,42,1,0
BRDA:232,43,0,0
BRDA:232,43,1,0
BRF:94
BRH:0
end_of_record
TN:
SF:src/journal.ts
FN:11,formatEntry
FN:20,appendJournal
FN:31,ensureIndex
FNF:3
FNH:0
FNDA:0,formatEntry
FNDA:0,appendJournal
FNDA:0,ensureIndex
DA:12,0
DA:13,0
DA:14,0
DA:15,0
DA:16,0
DA:26,0
DA:32,0
DA:33,0
DA:34,0
DA:35,0
LF:10
LH:0
BRDA:15,0,0,0
BRDA:15,0,1,0
BRDA:15,1,0,0
BRDA:15,1,1,0
BRDA:33,2,0,0
BRDA:33,2,1,0
BRF:6
BRH:0
end_of_record
TN:
SF:src/logbus.ts
FN:66,safeText
FN:73,stringifyEvent
FN:77,nowEpoch
FN:101,constructor
FN:127,currentFile
FN:131,dirOf
FN:139,write
FN:161,(anonymous_7)
FN:164,writeLocked
FN:208,fanout
FN:223,rotate
FN:255,rotateLocked
FN:282,(anonymous_12)
FN:288,prune
FN:293,(anonymous_14)
FN:294,(anonymous_15)
FN:314,(anonymous_16)
FN:316,(anonymous_17)
FN:333,subscribe
FN:335,(anonymous_19)
FN:340,(anonymous_20)
FN:346,close
FN:375,installLogbus
FN:382,getLogbus
FN:386,setLogbusForTests
FN:394,joinParts
FN:396,(anonymous_26)
FN:400,safeJson
FN:430,out
FN:457,emitToConsole
FN:481,extractOptsAndParts
FN:534,watchLogbus
FN:566,readChunk
FN:590,(anonymous_33)
FN:607,(anonymous_34)
FN:610,(anonymous_35)
FN:615,debouncedRead
FN:618,(anonymous_37)
FN:627,(anonymous_38)
FN:630,(anonymous_39)
FN:639,(anonymous_40)
FN:650,close_2
FN:668,currentOffset
FNF:43
FNH:0
FNDA:0,safeText
FNDA:0,stringifyEvent
FNDA:0,nowEpoch
FNDA:0,constructor
FNDA:0,currentFile
FNDA:0,dirOf
FNDA:0,write
FNDA:0,(anonymous_7)
FNDA:0,writeLocked
FNDA:0,fanout
FNDA:0,rotate
FNDA:0,rotateLocked
FNDA:0,(anonymous_12)
FNDA:0,prune
FNDA:0,(anonymous_14)
FNDA:0,(anonymous_15)
FNDA:0,(anonymous_16)
FNDA:0,(anonymous_17)
FNDA:0,subscribe
FNDA:0,(anonymous_19)
FNDA:0,(anonymous_20)
FNDA:0,close
FNDA:0,installLogbus
FNDA:0,getLogbus
FNDA:0,setLogbusForTests
FNDA:0,joinParts
FNDA:0,(anonymous_26)
FNDA:0,safeJson
FNDA:0,out
FNDA:0,emitToConsole
FNDA:0,extractOptsAndParts
FNDA:0,watchLogbus
FNDA:0,readChunk
FNDA:0,(anonymous_33)
FNDA:0,(anonymous_34)
FNDA:0,(anonymous_35)
FNDA:0,debouncedRead
FNDA:0,(anonymous_37)
FNDA:0,(anonymous_38)
FNDA:0,(anonymous_39)
FNDA:0,(anonymous_40)
FNDA:0,close_2
FNDA:0,currentOffset
DA:52,1
DA:53,1
DA:55,1
DA:68,0
DA:69,0
DA:70,0
DA:74,0
DA:78,0
DA:94,0
DA:95,0
DA:96,0
DA:98,0
DA:99,0
DA:109,0
DA:110,0
DA:111,0
DA:112,0
DA:113,0
DA:114,0
DA:115,0
DA:117,0
DA:118,0
DA:121,0
DA:122,0
DA:124,0
DA:128,0
DA:132,0
DA:140,0
DA:142,0
DA:143,0
DA:146,0
DA:159,0
DA:161,0
DA:166,0
DA:167,0
DA:180,0
DA:184,0
DA:187,0
DA:188,0
DA:189,0
DA:190,0
DA:194,0
DA:195,0
DA:198,0
DA:200,0
DA:201,0
DA:209,0
DA:210,0
DA:211,0
DA:213,0
DA:225,0
DA:226,0
DA:241,0
DA:242,0
DA:244,0
DA:245,0
DA:247,0
DA:248,0
DA:256,0
DA:257,0
DA:258,0
DA:259,0
DA:262,0
DA:263,0
DA:264,0
DA:265,0
DA:266,0
DA:268,0
DA:270,0
DA:275,0
DA:277,0
DA:278,0
DA:279,0
DA:282,0
DA:289,0
DA:290,0
DA:291,0
DA:292,0
DA:293,0
DA:295,0
DA:296,0
DA:297,0
DA:300,0
DA:301,0
DA:302,0
DA:303,0
DA:304,0
DA:305,0
DA:307,0
DA:310,0
DA:314,0
DA:315,0
DA:316,0
DA:317,0
DA:318,0
DA:319,0
DA:320,0
DA:321,0
DA:323,0
DA:328,0
DA:334,0
DA:335,0
DA:339,0
DA:340,0
DA:341,0
DA:347,0
DA:348,0
DA:350,0
DA:351,0
DA:356,0
DA:357,0
DA:364,0
DA:373,1
DA:376,0
DA:377,0
DA:378,0
DA:379,0
DA:383,0
DA:387,0
DA:395,0
DA:396,0
DA:401,0
DA:402,0
DA:404,0
DA:431,0
DA:432,0
DA:433,0
DA:434,0
DA:435,0
DA:436,0
DA:445,0
DA:450,0
DA:451,0
DA:454,0
DA:462,0
DA:467,0
DA:472,0
DA:473,0
DA:474,0
DA:475,0
DA:487,0
DA:488,0
DA:489,0
DA:490,0
DA:491,0
DA:493,0
DA:500,0
DA:506,0
DA:510,0
DA:511,0
DA:512,0
DA:514,0
DA:518,0
DA:531,1
DA:532,1
DA:547,0
DA:548,0
DA:549,0
DA:550,0
DA:551,0
DA:552,0
DA:553,0
DA:554,0
DA:558,0
DA:559,0
DA:560,0
DA:567,0
DA:568,0
DA:569,0
DA:572,0
DA:573,0
DA:575,0
DA:578,0
DA:579,0
DA:580,0
DA:582,0
DA:584,0
DA:589,0
DA:590,0
DA:591,0
DA:592,0
DA:595,0
DA:596,0
DA:597,0
DA:598,0
DA:599,0
DA:600,0
DA:601,0
DA:603,0
DA:607,0
DA:608,0
DA:610,0
DA:611,0
DA:616,0
DA:617,0
DA:618,0
DA:619,0
DA:620,0
DA:626,0
DA:627,0
DA:628,0
DA:630,0
DA:634,0
DA:638,0
DA:639,0
DA:640,0
DA:647,0
DA:649,0
DA:651,0
DA:652,0
DA:653,0
DA:654,0
DA:655,0
DA:656,0
DA:657,0
DA:662,0
DA:663,0
DA:669,0
LF:218
LH:6
BRDA:69,0,0,0
BRDA:69,0,1,0
BRDA:111,1,0,0
BRDA:111,1,1,0
BRDA:112,2,0,0
BRDA:112,2,1,0
BRDA:113,3,0,0
BRDA:113,3,1,0
BRDA:114,4,0,0
BRDA:114,4,1,0
BRDA:118,5,0,0
BRDA:118,5,1,0
BRDA:140,6,0,0
BRDA:140,6,1,0
BRDA:147,7,0,0
BRDA:147,7,1,0
BRDA:148,8,0,0
BRDA:148,8,1,0
BRDA:194,9,0,0
BRDA:194,9,1,0
BRDA:194,10,0,0
BRDA:194,10,1,0
BRDA:201,11,0,0
BRDA:201,11,1,0
BRDA:248,12,0,0
BRDA:248,12,1,0
BRDA:257,13,0,0
BRDA:257,13,1,0
BRDA:259,14,0,0
BRDA:259,14,1,0
BRDA:265,15,0,0
BRDA:265,15,1,0
BRDA:266,16,0,0
BRDA:266,16,1,0
BRDA:291,17,0,0
BRDA:291,17,1,0
BRDA:303,18,0,0
BRDA:303,18,1,0
BRDA:315,19,0,0
BRDA:315,19,1,0
BRDA:318,20,0,0
BRDA:318,20,1,0
BRDA:334,21,0,0
BRDA:334,21,1,0
BRDA:347,22,0,0
BRDA:347,22,1,0
BRDA:364,23,0,0
BRDA:364,23,1,0
BRDA:375,24,0,0
BRDA:376,25,0,0
BRDA:376,25,1,0
BRDA:377,26,0,0
BRDA:377,26,1,0
BRDA:396,27,0,0
BRDA:396,27,1,0
BRDA:396,28,0,0
BRDA:396,28,1,0
BRDA:432,29,0,0
BRDA:432,29,1,0
BRDA:434,30,0,0
BRDA:434,30,1,0
BRDA:450,31,0,0
BRDA:450,31,1,0
BRDA:462,32,0,0
BRDA:462,32,1,0
BRDA:462,32,2,0
BRDA:467,33,0,0
BRDA:467,33,1,0
BRDA:472,34,0,0
BRDA:472,34,1,0
BRDA:472,35,0,0
BRDA:472,35,1,0
BRDA:487,36,0,0
BRDA:487,36,1,0
BRDA:489,37,0,0
BRDA:489,37,1,0
BRDA:489,38,0,0
BRDA:489,38,1,0
BRDA:489,38,2,0
BRDA:493,39,0,0
BRDA:493,39,1,0
BRDA:493,39,2,0
BRDA:493,39,3,0
BRDA:500,40,0,0
BRDA:500,40,1,0
BRDA:510,41,0,0
BRDA:510,41,1,0
BRDA:511,42,0,0
BRDA:511,42,1,0
BRDA:511,43,0,0
BRDA:511,43,1,0
BRDA:511,43,2,0
BRDA:537,44,0,0
BRDA:547,45,0,0
BRDA:547,45,1,0
BRDA:548,46,0,0
BRDA:548,46,1,0
BRDA:549,47,0,0
BRDA:549,47,1,0
BRDA:559,48,0,0
BRDA:559,48,1,0
BRDA:567,49,0,0
BRDA:567,49,1,0
BRDA:569,50,0,0
BRDA:569,50,1,0
BRDA:578,51,0,0
BRDA:578,51,1,0
BRDA:578,52,0,0
BRDA:578,52,1,0
BRDA:582,53,0,0
BRDA:582,53,1,0
BRDA:584,54,0,0
BRDA:584,54,1,0
BRDA:591,55,0,0
BRDA:591,55,1,0
BRDA:598,56,0,0
BRDA:598,56,1,0
BRDA:616,57,0,0
BRDA:616,57,1,0
BRDA:617,58,0,0
BRDA:617,58,1,0
BRDA:651,59,0,0
BRDA:651,59,1,0
BRDA:653,60,0,0
BRDA:653,60,1,0
BRDA:654,61,0,0
BRDA:654,61,1,0
BRDA:655,62,0,0
BRDA:655,62,1,0
BRF:129
BRH:0
end_of_record
TN:
SF:src/preflight-delegate.ts
FN:38,preflightDelegate
FN:102,defaultPresenceCheck
FN:112,(anonymous_2)
FN:116,defaultPickFallback
FN:120,(anonymous_4)
FNF:5
FNH:0
FNDA:0,preflightDelegate
FNDA:0,defaultPresenceCheck
FNDA:0,(anonymous_2)
FNDA:0,defaultPickFallback
FNDA:0,(anonymous_4)
DA:44,0
DA:45,0
DA:46,0
DA:48,0
DA:49,0
DA:51,0
DA:52,0
DA:56,0
DA:57,0
DA:59,0
DA:60,0
DA:61,0
DA:62,0
DA:63,0
DA:71,0
DA:78,0
DA:79,0
DA:86,0
DA:87,0
DA:94,0
DA:112,0
DA:113,0
DA:120,0
DA:121,0
DA:122,0
DA:123,0
DA:124,0
DA:126,0
LF:28
LH:0
BRDA:41,0,0,0
BRDA:44,1,0,0
BRDA:44,1,1,0
BRDA:45,2,0,0
BRDA:45,2,1,0
BRDA:48,3,0,0
BRDA:48,3,1,0
BRDA:51,4,0,0
BRDA:51,4,1,0
BRDA:51,5,0,0
BRDA:51,5,1,0
BRDA:56,6,0,0
BRDA:56,6,1,0
BRDA:59,7,0,0
BRDA:59,7,1,0
BRDA:60,8,0,0
BRDA:60,8,1,0
BRDA:60,9,0,0
BRDA:60,9,1,0
BRDA:61,10,0,0
BRDA:61,10,1,0
BRDA:62,11,0,0
BRDA:62,11,1,0
BRDA:74,12,0,0
BRDA:74,12,1,0
BRDA:78,13,0,0
BRDA:78,13,1,0
BRDA:78,14,0,0
BRDA:78,14,1,0
BRDA:82,15,0,0
BRDA:82,15,1,0
BRDA:86,16,0,0
BRDA:86,16,1,0
BRDA:90,17,0,0
BRDA:90,17,1,0
BRDA:112,18,0,0
BRDA:112,18,1,0
BRDA:120,19,0,0
BRDA:120,19,1,0
BRDA:122,20,0,0
BRDA:122,20,1,0
BRDA:124,21,0,0
BRDA:124,21,1,0
BRF:43
BRH:0
end_of_record
TN:
SF:src/preflight.ts
FN:72,probeTimeoutMs
FN:78,defaultSpawner
FN:95,probeInvocation
FN:106,engineBinary
FN:110,ghAuthInvocation
FN:114,ghInstallHint
FN:119,installHint
FN:135,probeSucceeded
FN:145,failedProbe
FN:160,failedAuth
FN:172,firstUsefulLine
FN:175,(anonymous_11)
FN:176,(anonymous_12)
FN:177,(anonymous_13)
FN:190,claudeResultText
FN:203,containsToken
FN:207,checkCopilotAuth
FN:219,runProbe
FN:232,runProbeSafe
FN:248,checkEngine
FN:251,(anonymous_20)
FN:254,(anonymous_21)
FN:255,(anonymous_22)
FN:299,(anonymous_23)
FN:307,writeToCache
FN:315,normalizeEngines
FN:317,(anonymous_26)
FN:321,preflightAll
FN:322,(anonymous_28)
FN:335,runAttempts
FN:352,(anonymous_30)
FN:364,(anonymous_31)
FN:375,checkEngineAsync
FN:380,(anonymous_33)
FN:381,(anonymous_34)
FN:429,(anonymous_35)
FN:433,(anonymous_36)
FN:443,(anonymous_37)
FN:450,(anonymous_38)
FN:458,(anonymous_39)
FN:468,(anonymous_40)
FN:472,(anonymous_41)
FN:479,(anonymous_42)
FN:480,(anonymous_43)
FN:490,preflightAllAsync
FN:494,(anonymous_45)
FN:498,anyReady
FN:499,(anonymous_47)
FN:503,readyEngines
FN:504,(anonymous_49)
FN:504,(anonymous_50)
FNF:51
FNH:0
FNDA:0,probeTimeoutMs
FNDA:0,defaultSpawner
FNDA:0,probeInvocation
FNDA:0,engineBinary
FNDA:0,ghAuthInvocation
FNDA:0,ghInstallHint
FNDA:0,installHint
FNDA:0,probeSucceeded
FNDA:0,failedProbe
FNDA:0,failedAuth
FNDA:0,firstUsefulLine
FNDA:0,(anonymous_11)
FNDA:0,(anonymous_12)
FNDA:0,(anonymous_13)
FNDA:0,claudeResultText
FNDA:0,containsToken
FNDA:0,checkCopilotAuth
FNDA:0,runProbe
FNDA:0,runProbeSafe
FNDA:0,checkEngine
FNDA:0,(anonymous_20)
FNDA:0,(anonymous_21)
FNDA:0,(anonymous_22)
FNDA:0,(anonymous_23)
FNDA:0,writeToCache
FNDA:0,normalizeEngines
FNDA:0,(anonymous_26)
FNDA:0,preflightAll
FNDA:0,(anonymous_28)
FNDA:0,runAttempts
FNDA:0,(anonymous_30)
FNDA:0,(anonymous_31)
FNDA:0,checkEngineAsync
FNDA:0,(anonymous_33)
FNDA:0,(anonymous_34)
FNDA:0,(anonymous_35)
FNDA:0,(anonymous_36)
FNDA:0,(anonymous_37)
FNDA:0,(anonymous_38)
FNDA:0,(anonymous_39)
FNDA:0,(anonymous_40)
FNDA:0,(anonymous_41)
FNDA:0,(anonymous_42)
FNDA:0,(anonymous_43)
FNDA:0,preflightAllAsync
FNDA:0,(anonymous_45)
FNDA:0,anyReady
FNDA:0,(anonymous_47)
FNDA:0,readyEngines
FNDA:0,(anonymous_49)
FNDA:0,(anonymous_50)
DA:56,0
DA:58,0
DA:60,0
DA:62,0
DA:73,0
DA:74,0
DA:79,0
DA:86,0
DA:89,0
DA:90,0
DA:96,0
DA:98,0
DA:100,0
DA:102,0
DA:107,0
DA:111,0
DA:115,0
DA:120,0
DA:121,0
DA:136,0
DA:137,0
DA:138,0
DA:139,0
DA:140,0
DA:142,0
DA:149,0
DA:150,0
DA:151,0
DA:152,0
DA:154,0
DA:157,0
DA:164,0
DA:165,0
DA:166,0
DA:173,0
DA:175,0
DA:176,0
DA:177,0
DA:178,0
DA:191,0
DA:192,0
DA:193,0
DA:194,0
DA:195,0
DA:200,0
DA:204,0
DA:211,0
DA:212,0
DA:213,0
DA:214,0
DA:215,0
DA:223,0
DA:224,0
DA:225,0
DA:226,0
DA:228,0
DA:236,0
DA:237,0
DA:239,0
DA:240,0
DA:249,0
DA:251,0
DA:253,0
DA:254,0
DA:255,0
DA:263,0
DA:264,0
DA:265,0
DA:266,0
DA:267,0
DA:268,0
DA:271,0
DA:272,0
DA:273,0
DA:274,0
DA:275,0
DA:277,0
DA:279,0
DA:280,0
DA:281,0
DA:282,0
DA:283,0
DA:284,0
DA:286,0
DA:287,0
DA:288,0
DA:289,0
DA:293,0
DA:294,0
DA:295,0
DA:296,0
DA:299,0
DA:300,0
DA:302,0
DA:303,0
DA:304,0
DA:308,0
DA:309,0
DA:310,0
DA:311,0
DA:316,0
DA:317,0
DA:322,0
DA:350,0
DA:351,0
DA:352,0
DA:353,0
DA:354,0
DA:355,0
DA:356,0
DA:358,0
DA:359,0
DA:363,0
DA:364,0
DA:365,0
DA:366,0
DA:367,0
DA:369,0
DA:370,0
DA:371,0
DA:379,0
DA:380,0
DA:381,0
DA:388,0
DA:389,0
DA:390,0
DA:392,0
DA:394,0
DA:395,0
DA:398,0
DA:399,0
DA:400,0
DA:401,0
DA:403,0
DA:404,0
DA:409,0
DA:410,0
DA:411,0
DA:412,0
DA:414,0
DA:415,0
DA:418,0
DA:419,0
DA:423,0
DA:424,0
DA:425,0
DA:429,0
DA:433,0
DA:434,0
DA:435,0
DA:440,0
DA:441,0
DA:443,0
DA:444,0
DA:445,0
DA:448,0
DA:449,0
DA:450,0
DA:451,0
DA:452,0
DA:453,0
DA:454,0
DA:455,0
DA:458,0
DA:459,0
DA:460,0
DA:461,0
DA:462,0
DA:463,0
DA:467,0
DA:469,0
DA:470,0
DA:473,0
DA:474,0
DA:475,0
DA:479,0
DA:480,0
DA:482,0
DA:483,0
DA:494,0
DA:499,0
DA:504,0
LF:182
LH:0
BRDA:73,0,0,0
BRDA:73,0,1,0
BRDA:74,1,0,0
BRDA:74,1,1,0
BRDA:78,2,0,0
BRDA:86,3,0,0
BRDA:86,3,1,0
BRDA:86,4,0,0
BRDA:86,4,1,0
BRDA:89,5,0,0
BRDA:89,5,1,0
BRDA:89,6,0,0
BRDA:89,6,1,0
BRDA:90,7,0,0
BRDA:90,7,1,0
BRDA:90,8,0,0
BRDA:90,8,1,0
BRDA:95,9,0,0
BRDA:96,10,0,0
BRDA:96,10,1,0
BRDA:96,10,2,0
BRDA:107,11,0,0
BRDA:107,11,1,0
BRDA:120,12,0,0
BRDA:120,12,1,0
BRDA:136,13,0,0
BRDA:136,13,1,0
BRDA:137,14,0,0
BRDA:137,14,1,0
BRDA:137,15,0,0
BRDA:137,15,1,0
BRDA:138,16,0,0
BRDA:138,16,1,0
BRDA:140,17,0,0
BRDA:140,17,1,0
BRDA:149,18,0,0
BRDA:149,18,1,0
BRDA:149,19,0,0
BRDA:149,19,1,0
BRDA:149,20,0,0
BRDA:149,20,1,0
BRDA:151,21,0,0
BRDA:151,21,1,0
BRDA:154,22,0,0
BRDA:154,22,1,0
BRDA:155,23,0,0
BRDA:155,23,1,0
BRDA:164,24,0,0
BRDA:164,24,1,0
BRDA:168,25,0,0
BRDA:168,25,1,0
BRDA:179,26,0,0
BRDA:179,26,1,0
BRDA:179,26,2,0
BRDA:193,27,0,0
BRDA:193,27,1,0
BRDA:193,28,0,0
BRDA:193,28,1,0
BRDA:195,29,0,0
BRDA:195,29,1,0
BRDA:211,30,0,0
BRDA:211,30,1,0
BRDA:214,31,0,0
BRDA:214,31,1,0
BRDA:225,32,0,0
BRDA:225,32,1,0
BRDA:239,33,0,0
BRDA:239,33,1,0
BRDA:248,34,0,0
BRDA:249,35,0,0
BRDA:249,35,1,0
BRDA:251,36,0,0
BRDA:251,36,1,0
BRDA:253,37,0,0
BRDA:253,37,1,0
BRDA:254,38,0,0
BRDA:254,38,1,0
BRDA:263,39,0,0
BRDA:263,39,1,0
BRDA:266,40,0,0
BRDA:266,40,1,0
BRDA:268,41,0,0
BRDA:268,41,1,0
BRDA:272,42,0,0
BRDA:272,42,1,0
BRDA:277,43,0,0
BRDA:277,43,1,0
BRDA:277,44,0,0
BRDA:277,44,1,0
BRDA:279,45,0,0
BRDA:279,45,1,0
BRDA:286,46,0,0
BRDA:286,46,1,0
BRDA:293,47,0,0
BRDA:293,47,1,0
BRDA:300,48,0,0
BRDA:300,48,1,0
BRDA:308,49,0,0
BRDA:308,49,1,0
BRDA:310,50,0,0
BRDA:310,50,1,0
BRDA:321,51,0,0
BRDA:350,52,0,0
BRDA:350,52,1,0
BRDA:350,53,0,0
BRDA:350,53,1,0
BRDA:353,54,0,0
BRDA:353,54,1,0
BRDA:365,55,0,0
BRDA:365,55,1,0
BRDA:377,56,0,0
BRDA:379,57,0,0
BRDA:379,57,1,0
BRDA:380,58,0,0
BRDA:380,58,1,0
BRDA:389,59,0,0
BRDA:389,59,1,0
BRDA:390,60,0,0
BRDA:390,60,1,0
BRDA:390,61,0,0
BRDA:390,61,1,0
BRDA:394,62,0,0
BRDA:394,62,1,0
BRDA:394,63,0,0
BRDA:394,63,1,0
BRDA:398,64,0,0
BRDA:398,64,1,0
BRDA:398,65,0,0
BRDA:398,65,1,0
BRDA:403,66,0,0
BRDA:403,66,1,0
BRDA:409,67,0,0
BRDA:409,67,1,0
BRDA:409,68,0,0
BRDA:409,68,1,0
BRDA:411,69,0,0
BRDA:411,69,1,0
BRDA:418,70,0,0
BRDA:418,70,1,0
BRDA:423,71,0,0
BRDA:423,71,1,0
BRDA:431,72,0,0
BRDA:434,73,0,0
BRDA:434,73,1,0
BRDA:454,74,0,0
BRDA:454,74,1,0
BRDA:462,75,0,0
BRDA:462,75,1,0
BRDA:470,76,0,0
BRDA:470,76,1,0
BRDA:474,77,0,0
BRDA:474,77,1,0
BRDA:482,78,0,0
BRDA:482,78,1,0
BRDA:492,79,0,0
BRF:155
BRH:0
end_of_record
TN:
SF:src/probe-cache.ts
FN:25,constructor
FN:28,(anonymous_1)
FN:31,key
FN:35,get
FN:52,set
FN:68,invalidate
FN:74,invalidateAll
FN:78,size
FN:85,getSharedCache
FN:90,setSharedCache
FN:94,getCachedProbe
FN:102,setCachedProbe
FN:112,invalidateProbe
FN:116,invalidateAllProbes
FNF:14
FNH:0
FNDA:0,constructor
FNDA:0,(anonymous_1)
FNDA:0,key
FNDA:0,get
FNDA:0,set
FNDA:0,invalidate
FNDA:0,invalidateAll
FNDA:0,size
FNDA:0,getSharedCache
FNDA:0,setSharedCache
FNDA:0,getCachedProbe
FNDA:0,setCachedProbe
FNDA:0,invalidateProbe
FNDA:0,invalidateAllProbes
DA:3,0
DA:4,0
DA:20,0
DA:26,0
DA:27,0
DA:28,0
DA:32,0
DA:41,0
DA:42,0
DA:43,0
DA:44,0
DA:45,0
DA:46,0
DA:47,0
DA:49,0
DA:60,0
DA:61,0
DA:62,0
DA:69,0
DA:70,0
DA:75,0
DA:79,0
DA:86,0
DA:87,0
DA:91,0
DA:99,0
DA:108,0
DA:109,0
DA:113,0
DA:117,0
LF:30
LH:0
BRDA:25,0,0,0
BRDA:26,1,0,0
BRDA:26,1,1,0
BRDA:27,2,0,0
BRDA:27,2,1,0
BRDA:28,3,0,0
BRDA:28,3,1,0
BRDA:43,4,0,0
BRDA:43,4,1,0
BRDA:44,5,0,0
BRDA:44,5,1,0
BRDA:45,6,0,0
BRDA:45,6,1,0
BRDA:58,7,0,0
BRDA:60,8,0,0
BRDA:60,8,1,0
BRDA:61,9,0,0
BRDA:61,9,1,0
BRDA:70,10,0,0
BRDA:70,10,1,0
BRDA:86,11,0,0
BRDA:86,11,1,0
BRDA:108,12,0,0
BRDA:108,12,1,0
BRF:24
BRH:0
end_of_record
TN:
SF:src/scanner.ts
FN:97,readJson
FN:106,readmeSummary
FN:127,detectLanguages
FN:135,(anonymous_3)
FN:158,(anonymous_4)
FN:158,(anonymous_5)
FN:159,(anonymous_6)
FN:163,detectPackageManager
FN:174,hasCI
FN:187,scanRepo
FN:204,(anonymous_10)
FN:298,buildFindings
FN:319,(anonymous_12)
FN:329,(anonymous_13)
FN:345,renderFindingsTable
FN:347,(anonymous_15)
FN:358,summarizeProfile
FNF:17
FNH:0
FNDA:0,readJson
FNDA:0,readmeSummary
FNDA:0,detectLanguages
FNDA:0,(anonymous_3)
FNDA:0,(anonymous_4)
FNDA:0,(anonymous_5)
FNDA:0,(anonymous_6)
FNDA:0,detectPackageManager
FNDA:0,hasCI
FNDA:0,scanRepo
FNDA:0,(anonymous_10)
FNDA:0,buildFindings
FNDA:0,(anonymous_12)
FNDA:0,(anonymous_13)
FNDA:0,renderFindingsTable
FNDA:0,(anonymous_15)
FNDA:0,summarizeProfile
DA:29,0
DA:50,0
DA:65,0
DA:83,0
DA:98,0
DA:99,0
DA:101,0
DA:107,0
DA:108,0
DA:109,0
DA:110,0
DA:111,0
DA:112,0
DA:113,0
DA:114,0
DA:115,0
DA:116,0
DA:121,0
DA:123,0
DA:128,0
DA:129,0
DA:131,0
DA:132,0
DA:133,0
DA:135,0
DA:136,0
DA:137,0
DA:138,0
DA:139,0
DA:140,0
DA:142,0
DA:143,0
DA:145,0
DA:147,0
DA:148,0
DA:150,0
DA:151,0
DA:152,0
DA:156,0
DA:158,0
DA:159,0
DA:160,0
DA:164,0
DA:165,0
DA:166,0
DA:167,0
DA:168,0
DA:169,0
DA:170,0
DA:171,0
DA:175,0
DA:188,0
DA:189,0
DA:190,0
DA:194,0
DA:196,0
DA:197,0
DA:198,0
DA:199,0
DA:200,0
DA:201,0
DA:202,0
DA:203,0
DA:204,0
DA:205,0
DA:206,0
DA:207,0
DA:208,0
DA:212,0
DA:213,0
DA:216,0
DA:227,0
DA:228,0
DA:229,0
DA:230,0
DA:231,0
DA:236,0
DA:237,0
DA:238,0
DA:239,0
DA:240,0
DA:241,0
DA:242,0
DA:243,0
DA:244,0
DA:247,0
DA:248,0
DA:249,0
DA:250,0
DA:251,0
DA:252,0
DA:253,0
DA:259,0
DA:260,0
DA:261,0
DA:262,0
DA:263,0
DA:264,0
DA:265,0
DA:266,0
DA:267,0
DA:273,0
DA:282,0
DA:306,0
DA:307,0
DA:308,0
DA:309,0
DA:315,0
DA:319,0
DA:323,0
DA:329,0
DA:330,0
DA:336,0
DA:342,0
DA:346,0
DA:347,0
DA:349,0
DA:351,0
DA:359,0
DA:360,0
DA:361,0
DA:362,0
DA:363,0
DA:364,0
DA:365,0
DA:366,0
DA:367,0
DA:368,0
LF:128
LH:0
BRDA:109,0,0,0
BRDA:109,0,1,0
BRDA:114,1,0,0
BRDA:114,1,1,0
BRDA:114,2,0,0
BRDA:114,2,1,0
BRDA:114,2,2,0
BRDA:114,2,3,0
BRDA:133,3,0,0
BRDA:133,3,1,0
BRDA:136,4,0,0
BRDA:136,4,1,0
BRDA:136,5,0,0
BRDA:136,5,1,0
BRDA:139,6,0,0
BRDA:139,6,1,0
BRDA:139,7,0,0
BRDA:139,7,1,0
BRDA:147,8,0,0
BRDA:147,8,1,0
BRDA:152,9,0,0
BRDA:152,9,1,0
BRDA:152,10,0,0
BRDA:152,10,1,0
BRDA:164,11,0,0
BRDA:164,11,1,0
BRDA:164,12,0,0
BRDA:164,12,1,0
BRDA:165,13,0,0
BRDA:165,13,1,0
BRDA:166,14,0,0
BRDA:166,14,1,0
BRDA:167,15,0,0
BRDA:167,15,1,0
BRDA:168,16,0,0
BRDA:168,16,1,0
BRDA:169,17,0,0
BRDA:169,17,1,0
BRDA:170,18,0,0
BRDA:170,18,1,0
BRDA:175,19,0,0
BRDA:175,19,1,0
BRDA:175,19,2,0
BRDA:175,19,3,0
BRDA:197,20,0,0
BRDA:197,20,1,0
BRDA:200,21,0,0
BRDA:200,21,1,0
BRDA:201,22,0,0
BRDA:201,22,1,0
BRDA:201,23,0,0
BRDA:201,23,1,0
BRDA:202,24,0,0
BRDA:202,24,1,0
BRDA:203,25,0,0
BRDA:203,25,1,0
BRDA:204,26,0,0
BRDA:204,26,1,0
BRDA:205,27,0,0
BRDA:205,27,1,0
BRDA:206,28,0,0
BRDA:206,28,1,0
BRDA:207,29,0,0
BRDA:207,29,1,0
BRDA:209,30,0,0
BRDA:209,30,1,0
BRDA:210,31,0,0
BRDA:210,31,1,0
BRDA:212,32,0,0
BRDA:212,32,1,0
BRDA:213,33,0,0
BRDA:213,33,1,0
BRDA:227,34,0,0
BRDA:227,34,1,0
BRDA:230,35,0,0
BRDA:230,35,1,0
BRDA:236,36,0,0
BRDA:236,36,1,0
BRDA:239,37,0,0
BRDA:239,37,1,0
BRDA:239,38,0,0
BRDA:239,38,1,0
BRDA:240,39,0,0
BRDA:240,39,1,0
BRDA:241,40,0,0
BRDA:241,40,1,0
BRDA:242,41,0,0
BRDA:242,41,1,0
BRDA:243,42,0,0
BRDA:243,42,1,0
BRDA:244,43,0,0
BRDA:244,43,1,0
BRDA:247,44,0,0
BRDA:247,44,1,0
BRDA:250,45,0,0
BRDA:250,45,1,0
BRDA:251,46,0,0
BRDA:251,46,1,0
BRDA:252,47,0,0
BRDA:252,47,1,0
BRDA:253,48,0,0
BRDA:253,48,1,0
BRDA:260,49,0,0
BRDA:260,49,1,0
BRDA:263,50,0,0
BRDA:263,50,1,0
BRDA:264,51,0,0
BRDA:264,51,1,0
BRDA:264,52,0,0
BRDA:264,52,1,0
BRDA:265,53,0,0
BRDA:265,53,1,0
BRDA:265,54,0,0
BRDA:265,54,1,0
BRDA:266,55,0,0
BRDA:266,55,1,0
BRDA:266,56,0,0
BRDA:266,56,1,0
BRDA:267,57,0,0
BRDA:267,57,1,0
BRDA:267,58,0,0
BRDA:267,58,1,0
BRDA:311,59,0,0
BRDA:311,59,1,0
BRDA:312,60,0,0
BRDA:312,60,1,0
BRDA:312,61,0,0
BRDA:312,61,1,0
BRDA:313,62,0,0
BRDA:313,62,1,0
BRDA:317,63,0,0
BRDA:317,63,1,0
BRDA:318,64,0,0
BRDA:318,64,1,0
BRDA:319,65,0,0
BRDA:319,65,1,0
BRDA:319,65,2,0
BRDA:321,66,0,0
BRDA:321,66,1,0
BRDA:325,67,0,0
BRDA:325,67,1,0
BRDA:327,68,0,0
BRDA:327,68,1,0
BRDA:329,69,0,0
BRDA:329,69,1,0
BRDA:332,70,0,0
BRDA:332,70,1,0
BRDA:333,71,0,0
BRDA:333,71,1,0
BRDA:334,72,0,0
BRDA:334,72,1,0
BRDA:338,73,0,0
BRDA:338,73,1,0
BRDA:339,74,0,0
BRDA:339,74,1,0
BRDA:340,75,0,0
BRDA:340,75,1,0
BRDA:346,76,0,0
BRDA:346,76,1,0
BRDA:349,77,0,0
BRDA:349,77,1,0
BRDA:360,78,0,0
BRDA:360,78,1,0
BRDA:361,79,0,0
BRDA:361,79,1,0
BRDA:362,80,0,0
BRDA:362,80,1,0
BRDA:363,81,0,0
BRDA:363,81,1,0
BRDA:364,82,0,0
BRDA:364,82,1,0
BRDA:365,83,0,0
BRDA:365,83,1,0
BRDA:366,84,0,0
BRDA:366,84,1,0
BRDA:367,85,0,0
BRDA:367,85,1,0
BRF:177
BRH:0
end_of_record
TN:
SF:src/server.ts
FN:57,attachDir
FN:61,safeAttachName
FN:72,listAttachments
FN:76,(anonymous_3)
FN:77,(anonymous_4)
FN:93,syncAttachments
FN:103,requestedEngines
FN:106,(anonymous_7)
FN:107,(anonymous_8)
FN:111,runPreflight
FN:123,repoLanguages
FN:146,toolViews
FN:151,(anonymous_12)
FN:159,(anonymous_13)
FN:167,settingsView
FN:177,applySettings
FN:187,replayFromLog
FN:225,startServer
FN:242,(anonymous_18)
FN:244,(anonymous_19)
FN:261,fetch
FN:298,(anonymous_21)
FN:316,start
FN:341,(anonymous_23)
FN:348,(anonymous_24)
FN:353,(anonymous_25)
FN:359,(anonymous_26)
FN:366,cancel
FN:399,start_2
FN:400,(anonymous_29)
FN:434,(anonymous_30)
FN:436,cancel_2
FN:618,(anonymous_32)
FNF:33
FNH:0
FNDA:0,attachDir
FNDA:0,safeAttachName
FNDA:0,listAttachments
FNDA:0,(anonymous_3)
FNDA:0,(anonymous_4)
FNDA:0,syncAttachments
FNDA:0,requestedEngines
FNDA:0,(anonymous_7)
FNDA:0,(anonymous_8)
FNDA:0,runPreflight
FNDA:0,repoLanguages
FNDA:0,toolViews
FNDA:0,(anonymous_12)
FNDA:0,(anonymous_13)
FNDA:0,settingsView
FNDA:0,applySettings
FNDA:0,replayFromLog
FNDA:0,startServer
FNDA:0,(anonymous_18)
FNDA:0,(anonymous_19)
FNDA:0,fetch
FNDA:0,(anonymous_21)
FNDA:0,start
FNDA:0,(anonymous_23)
FNDA:0,(anonymous_24)
FNDA:0,(anonymous_25)
FNDA:0,(anonymous_26)
FNDA:0,cancel
FNDA:0,start_2
FNDA:0,(anonymous_29)
FNDA:0,(anonymous_30)
FNDA:0,cancel_2
FNDA:0,(anonymous_32)
DA:44,0
DA:45,0
DA:46,0
DA:53,0
DA:55,0
DA:58,0
DA:62,0
DA:63,0
DA:64,0
DA:65,0
DA:67,0
DA:68,0
DA:69,0
DA:73,0
DA:74,0
DA:75,0
DA:76,0
DA:78,0
DA:79,0
DA:80,0
DA:84,0
DA:94,0
DA:95,0
DA:96,0
DA:97,0
DA:98,0
DA:100,0
DA:104,0
DA:105,0
DA:106,0
DA:107,0
DA:108,0
DA:116,0
DA:117,0
DA:118,0
DA:127,0
DA:128,0
DA:129,0
DA:131,0
DA:150,0
DA:151,0
DA:152,0
DA:153,0
DA:154,0
DA:159,0
DA:174,0
DA:178,0
DA:179,0
DA:180,0
DA:181,0
DA:182,0
DA:188,0
DA:189,0
DA:190,0
DA:192,0
DA:195,0
DA:196,0
DA:197,0
DA:198,0
DA:199,0
DA:201,0
DA:203,0
DA:204,0
DA:205,0
DA:207,0
DA:210,0
DA:211,0
DA:212,0
DA:213,0
DA:214,0
DA:215,0
DA:216,0
DA:222,0
DA:229,0
DA:231,0
DA:232,0
DA:233,0
DA:236,0
DA:237,0
DA:238,0
DA:240,0
DA:242,0
DA:244,0
DA:245,0
DA:246,0
DA:247,0
DA:248,0
DA:249,0
DA:251,0
DA:254,0
DA:257,0
DA:262,0
DA:263,0
DA:264,0
DA:267,0
DA:268,0
DA:278,0
DA:279,0
DA:283,0
DA:284,0
DA:285,0
DA:289,0
DA:290,0
DA:294,0
DA:295,0
DA:296,0
DA:298,0
DA:302,0
DA:306,0
DA:307,0
DA:311,0
DA:312,0
DA:314,0
DA:317,0
DA:318,0
DA:319,0
DA:325,0
DA:326,0
DA:327,0
DA:328,0
DA:341,0
DA:342,0
DA:343,0
DA:348,0
DA:349,0
DA:353,0
DA:354,0
DA:359,0
DA:360,0
DA:361,0
DA:364,0
DA:367,0
DA:381,0
DA:382,0
DA:383,0
DA:384,0
DA:386,0
DA:387,0
DA:388,0
DA:394,0
DA:395,0
DA:396,0
DA:397,0
DA:400,0
DA:401,0
DA:402,0
DA:403,0
DA:404,0
DA:405,0
DA:407,0
DA:408,0
DA:409,0
DA:410,0
DA:411,0
DA:412,0
DA:413,0
DA:414,0
DA:415,0
DA:416,0
DA:417,0
DA:418,0
DA:419,0
DA:420,0
DA:432,0
DA:433,0
DA:434,0
DA:449,0
DA:461,0
DA:462,0
DA:463,0
DA:465,0
DA:467,0
DA:468,0
DA:469,0
DA:470,0
DA:472,0
DA:473,0
DA:474,0
DA:477,0
DA:478,0
DA:479,0
DA:481,0
DA:482,0
DA:488,0
DA:489,0
DA:492,0
DA:493,0
DA:494,0
DA:495,0
DA:497,0
DA:498,0
DA:499,0
DA:500,0
DA:503,0
DA:505,0
DA:506,0
DA:507,0
DA:508,0
DA:515,0
DA:516,0
DA:517,0
DA:521,0
DA:524,0
DA:525,0
DA:526,0
DA:527,0
DA:529,0
DA:532,0
DA:533,0
DA:534,0
DA:535,0
DA:538,0
DA:539,0
DA:540,0
DA:541,0
DA:542,0
DA:545,0
DA:552,0
DA:555,0
DA:556,0
DA:557,0
DA:558,0
DA:560,0
DA:561,0
DA:562,0
DA:563,0
DA:565,0
DA:568,0
DA:569,0
DA:573,0
DA:581,0
DA:583,0
DA:588,0
DA:589,0
DA:590,0
DA:591,0
DA:592,0
DA:593,0
DA:594,0
DA:595,0
DA:596,0
DA:597,0
DA:598,0
DA:599,0
DA:600,0
DA:601,0
DA:610,0
DA:614,0
DA:617,0
DA:618,0
LF:250
LH:0
BRDA:62,0,0,0
BRDA:62,0,1,0
BRDA:63,1,0,0
BRDA:63,1,1,0
BRDA:63,2,0,0
BRDA:63,2,1,0
BRDA:63,2,2,0
[...]
BRDA:63,6,1,0
BRDA:67,7,0,0
BRDA:67,7,1,0
BRDA:69,8,0,0
BRDA:69,8,1,0
BRDA:73,9,0,0
BRDA:73,9,1,0
BRDA:77,10,0,0
BRDA:77,10,1,0
BRDA:81,11,0,0
BRDA:81,11,1,0
BRDA:120,12,0,0
BRDA:120,12,1,0
BRDA:139,13,0,0
BRDA:139,13,1,0
BRDA:152,14,0,0
BRDA:152,14,1,0
BRDA:154,15,0,0
BRDA:154,15,1,0
BRDA:157,16,0,0
BRDA:157,16,1,0
BRDA:162,17,0,0
BRDA:162,17,1,0
BRDA:162,17,2,0
BRDA:164,18,0,0
BRDA:164,18,1,0
BRDA:167,19,0,0
BRDA:167,19,1,0
BRF:40
BRH:0
end_of_record
TN:
SF:src/safety/checkpoint.ts
FN:59,defaultGit
FN:60,(anonymous_1)
FN:69,defaultFs
FN:72,(anonymous_3)
FN:76,(anonymous_4)
FN:77,(anonymous_5)
FN:78,(anonymous_6)
FN:85,(anonymous_7)
FN:93,lines
FN:96,(anonymous_9)
FN:97,(anonymous_10)
FN:104,gitState
FN:119,isProtected
FN:120,(anonymous_13)
FN:124,makeWip
FN:143,backupIgnored
FN:150,(anonymous_16)
FN:185,ensureCtxIgnored
FN:211,createCheckpoint
FN:251,recoveryHint
FN:271,restoreIgnored
FNF:21
FNH:0
FNDA:0,defaultGit
FNDA:0,(anonymous_1)
FNDA:0,defaultFs
FNDA:0,(anonymous_3)
FNDA:0,(anonymous_4)
FNDA:0,(anonymous_5)
FNDA:0,(anonymous_6)
FNDA:0,(anonymous_7)
FNDA:0,lines
FNDA:0,(anonymous_9)
FNDA:0,(anonymous_10)
FNDA:0,gitState
FNDA:0,isProtected
FNDA:0,(anonymous_13)
FNDA:0,makeWip
FNDA:0,backupIgnored
FNDA:0,(anonymous_16)
FNDA:0,ensureCtxIgnored
FNDA:0,createCheckpoint
FNDA:0,recoveryHint
FNDA:0,restoreIgnored
DA:52,0
DA:54,0
DA:56,0
DA:60,0
DA:61,0
DA:62,0
DA:70,0
DA:73,0
DA:74,0
DA:76,0
DA:77,0
DA:79,0
DA:80,0
DA:82,0
DA:86,0
DA:87,0
DA:94,0
DA:96,0
DA:97,0
DA:105,0
DA:106,0
DA:107,0
DA:109,0
DA:110,0
DA:111,0
DA:112,0
DA:115,0
DA:120,0
DA:131,0
DA:134,0
DA:136,0
DA:137,0
DA:138,0
DA:139,0
DA:150,0
DA:151,0
DA:152,0
DA:153,0
DA:154,0
DA:155,0
DA:156,0
DA:161,0
DA:162,0
DA:163,0
DA:164,0
DA:166,0
DA:167,0
DA:168,0
DA:170,0
DA:171,0
DA:173,0
DA:174,0
DA:179,0
DA:186,0
DA:187,0
DA:188,0
DA:202,0
DA:216,0
DA:217,0
DA:218,0
DA:219,0
DA:228,0
DA:229,0
DA:233,0
DA:235,0
DA:238,0
DA:239,0
DA:252,0
DA:253,0
DA:255,0
DA:256,0
DA:257,0
DA:258,0
DA:259,0
DA:261,0
DA:262,0
DA:264,0
DA:265,0
DA:267,0
DA:272,0
DA:273,0
DA:274,0
DA:275,0
DA:276,0
DA:278,0
LF:85
LH:0
BRDA:62,0,0,0
BRDA:62,0,1,0
BRDA:62,1,0,0
BRDA:62,1,1,0
BRDA:62,2,0,0
BRDA:62,2,1,0
BRDA:104,3,0,0
BRDA:106,4,0,0
BRDA:106,4,1,0
BRDA:120,5,0,0
BRDA:120,5,1,0
BRDA:131,6,0,0
BRDA:131,6,1,0
BRDA:132,7,0,0
BRDA:132,7,1,0
BRDA:138,8,0,0
BRDA:138,8,1,0
BRDA:138,9,0,0
BRDA:138,9,1,0
BRDA:151,10,0,0
BRDA:151,10,1,0
BRDA:162,11,0,0
BRDA:162,11,1,0
BRDA:166,12,0,0
BRDA:166,12,1,0
BRDA:175,13,0,0
BRDA:175,13,1,0
BRDA:175,14,0,0
BRDA:175,14,1,0
BRDA:187,15,0,0
BRDA:187,15,1,0
BRDA:214,16,0,0
BRDA:216,17,0,0
BRDA:216,17,1,0
BRDA:217,18,0,0
BRDA:217,18,1,0
BRDA:218,19,0,0
BRDA:218,19,1,0
BRDA:229,20,0,0
BRDA:229,20,1,0
BRDA:235,21,0,0
BRDA:235,21,1,0
BRDA:252,22,0,0
BRDA:252,22,1,0
BRDA:256,23,0,0
BRDA:256,23,1,0
BRDA:257,24,0,0
BRDA:257,24,1,0
BRDA:261,25,0,0
BRDA:261,25,1,0
BRDA:264,26,0,0
BRDA:264,26,1,0
BRDA:271,27,0,0
BRDA:272,28,0,0
BRDA:272,28,1,0
BRF:55
BRH:0
end_of_record
TN:
SF:src/safety/env.ts
FN:86,isAllowedKey
FN:132,filterChildEnv
FNF:2
FNH:0
FNDA:0,isAllowedKey
FNDA:0,filterChildEnv
DA:10,0
DA:62,0
DA:97,0
DA:98,0
DA:99,0
DA:101,0
DA:120,0
DA:133,0
DA:134,0
DA:135,0
DA:136,0
DA:138,0
LF:12
LH:0
BRDA:97,0,0,0
BRDA:97,0,1,0
BRDA:99,1,0,0
BRDA:99,1,1,0
BRDA:135,2,0,0
BRDA:135,2,1,0
BRDA:136,3,0,0
BRDA:136,3,1,0
BRDA:136,4,0,0
BRDA:136,4,1,0
BRF:10
BRH:0
end_of_record
TN:
SF:src/safety/path.ts
FN:18,toAbsolute
FN:48,realpathDeepestExisting
FN:86,assertWithinRoot
FNF:3
FNH:0
FNDA:0,toAbsolute
FNDA:0,realpathDeepestExisting
FNDA:0,assertWithinRoot
DA:19,0
DA:20,0
DA:46,0
DA:49,0
DA:58,0
DA:59,0
DA:60,0
DA:61,0
DA:62,0
DA:63,0
DA:65,0
DA:66,0
DA:67,0
DA:68,0
DA:72,0
DA:73,0
DA:75,0
DA:87,0
DA:88,0
DA:100,0
DA:101,0
DA:102,0
DA:103,0
DA:104,0
DA:116,0
DA:117,0
LF:26
LH:0
BRDA:19,0,0,0
BRDA:19,0,1,0
BRDA:20,1,0,0
BRDA:20,1,1,0
BRDA:61,2,0,0
BRDA:61,2,1,0
BRDA:66,3,0,0
BRDA:66,3,1,0
BRDA:100,4,0,0
BRDA:100,4,1,0
BRDA:101,5,0,0
BRDA:101,5,1,0
BRDA:103,6,0,0
BRDA:103,6,1,0
BRDA:103,7,0,0
BRDA:103,7,1,0
BRDA:116,8,0,0
BRDA:116,8,1,0
BRDA:116,9,0,0
BRDA:116,9,1,0
BRF:20
BRH:0
end_of_record
TN:
SF:src/safety/quota.ts
FN:74,isObject
FN:79,parseJsonObjects
FN:95,tryParse
FN:104,tokenFromObject
FN:114,retryFromObject
FN:123,fromTypedJson
FN:141,parseRetryAfter
FN:152,fromHttpStatus
FN:168,fromProse
FN:188,detectQuota
FN:207,jitteredDelay
FN:219,backoffPlan
FNF:12
FNH:0
FNDA:0,isObject
FNDA:0,parseJsonObjects
FNDA:0,tryParse
FNDA:0,tokenFromObject
FNDA:0,retryFromObject
FNDA:0,fromTypedJson
FNDA:0,parseRetryAfter
FNDA:0,fromHttpStatus
FNDA:0,fromProse
FNDA:0,detectQuota
FNDA:0,jitteredDelay
FNDA:0,backoffPlan
DA:40,0
DA:41,0
DA:42,0
DA:43,0
DA:46,0
DA:58,0
DA:63,0
DA:75,0
DA:80,0
DA:81,0
DA:82,0
DA:83,0
DA:84,0
DA:86,0
DA:87,0
DA:88,0
DA:89,0
DA:90,0
DA:92,0
DA:96,0
DA:97,0
DA:99,0
DA:105,0
DA:106,0
DA:107,0
DA:108,0
DA:109,0
DA:110,0
DA:115,0
DA:116,0
DA:117,0
DA:118,0
DA:119,0
DA:124,0
DA:125,0
DA:126,0
DA:127,0
DA:128,0
DA:129,0
DA:137,0
DA:142,0
DA:143,0
DA:144,0
DA:145,0
DA:146,0
DA:147,0
DA:148,0
DA:153,0
DA:154,0
DA:155,0
DA:156,0
DA:164,0
DA:169,0
DA:170,0
DA:171,0
DA:172,0
DA:179,0
DA:194,0
DA:195,0
DA:196,0
DA:197,0
DA:198,0
DA:199,0
DA:200,0
DA:201,0
DA:203,0
DA:208,0
DA:209,0
DA:224,0
DA:225,0
DA:227,0
DA:228,0
DA:229,0
DA:230,0
DA:231,0
DA:232,0
DA:233,0
DA:235,0
LF:78
LH:0
BRDA:75,0,0,0
BRDA:75,0,1,0
BRDA:82,1,0,0
BRDA:82,1,1,0
BRDA:83,2,0,0
BRDA:83,2,1,0
BRDA:88,3,0,0
BRDA:88,3,1,0
BRDA:90,4,0,0
BRDA:90,4,1,0
BRDA:106,5,0,0
BRDA:106,5,1,0
BRDA:106,6,0,0
BRDA:106,6,1,0
BRDA:107,7,0,0
BRDA:107,7,1,0
BRDA:107,8,0,0
BRDA:107,8,1,0
BRDA:107,8,2,0
BRDA:108,9,0,0
BRDA:108,9,1,0
BRDA:108,10,0,0
BRDA:108,10,1,0
BRDA:109,11,0,0
BRDA:109,11,1,0
BRDA:109,12,0,0
BRDA:109,12,1,0
BRDA:115,13,0,0
BRDA:115,13,1,0
BRDA:116,14,0,0
BRDA:116,14,1,0
BRDA:116,15,0,0
BRDA:116,15,1,0
BRDA:117,16,0,0
BRDA:117,16,1,0
BRDA:118,17,0,0
BRDA:118,17,1,0
BRDA:118,18,0,0
BRDA:118,18,1,0
BRDA:127,19,0,0
BRDA:127,19,1,0
BRDA:143,20,0,0
BRDA:143,20,1,0
BRDA:145,21,0,0
BRDA:145,21,1,0
BRDA:147,22,0,0
BRDA:147,22,1,0
BRDA:155,23,0,0
BRDA:155,23,1,0
BRDA:171,24,0,0
BRDA:171,24,1,0
BRDA:196,25,0,0
BRDA:196,25,1,0
BRDA:198,26,0,0
BRDA:198,26,1,0
BRDA:199,27,0,0
BRDA:199,27,1,0
BRDA:201,28,0,0
BRDA:201,28,1,0
BRDA:222,29,0,0
BRDA:224,30,0,0
BRDA:224,30,1,0
BRDA:224,31,0,0
BRDA:224,31,1,0
BRDA:224,31,2,0
BRDA:227,32,0,0
BRDA:227,32,1,0
BRDA:228,33,0,0
BRDA:228,33,1,0
BRDA:229,34,0,0
BRDA:229,34,1,0
BRDA:230,35,0,0
BRDA:230,35,1,0
BRDA:232,36,0,0
BRDA:232,36,1,0
BRF:75
BRH:0
end_of_record
TN:
SF:src/skills/importer.ts
FN:14,backupIfExists
FN:36,importSkillFromDir
FN:76,importSkillsFromParent
FNF:3
FNH:0
FNDA:0,backupIfExists
FNDA:0,importSkillFromDir
FNDA:0,importSkillsFromParent
DA:5,0
DA:18,0
DA:19,0
DA:20,0
DA:21,0
DA:22,0
DA:23,0
DA:24,0
DA:25,0
DA:41,0
DA:42,0
DA:43,0
DA:44,0
DA:46,0
DA:47,0
DA:50,0
DA:51,0
DA:52,0
DA:54,0
DA:56,0
DA:57,0
DA:58,0
DA:59,0
DA:60,0
DA:61,0
DA:62,0
DA:63,0
DA:65,0
DA:84,0
DA:85,0
DA:86,0
DA:87,0
DA:88,0
DA:90,0
DA:91,0
DA:93,0
DA:94,0
DA:95,0
DA:97,0
DA:100,0
DA:101,0
DA:102,0
DA:103,0
DA:107,0
DA:108,0
DA:109,0
DA:110,0
DA:112,0
LF:48
LH:0
BRDA:16,0,0,0
BRDA:18,1,0,0
BRDA:18,1,1,0
BRDA:19,2,0,0
BRDA:19,2,1,0
BRDA:39,3,0,0
BRDA:41,4,0,0
BRDA:41,4,1,0
BRDA:46,5,0,0
BRDA:46,5,1,0
BRDA:51,6,0,0
BRDA:51,6,1,0
BRDA:56,7,0,0
BRDA:56,7,1,0
BRDA:79,8,0,0
BRDA:84,9,0,0
BRDA:84,9,1,0
BRDA:85,10,0,0
BRDA:85,10,1,0
BRDA:90,11,0,0
BRDA:90,11,1,0
BRDA:103,12,0,0
BRDA:103,12,1,0
BRDA:110,13,0,0
BRDA:110,13,1,0
BRF:25
BRH:0
end_of_record
TN:
SF:src/skills/maintainer.ts
FN:27,slugify
FN:38,extractLessons
FN:40,(anonymous_2)
FN:58,(anonymous_3)
FN:65,shouldPropose
FN:75,draftSkillFromLesson
FN:95,(anonymous_6)
FN:111,canPromote
FNF:8
FNH:0
FNDA:0,slugify
FNDA:0,extractLessons
FNDA:0,(anonymous_2)
FNDA:0,(anonymous_3)
FNDA:0,shouldPropose
FNDA:0,draftSkillFromLesson
FNDA:0,(anonymous_6)
FNDA:0,canPromote
DA:28,0
DA:39,0
DA:40,0
DA:41,0
DA:42,0
DA:43,0
DA:44,0
DA:45,0
DA:46,0
DA:47,0
DA:49,0
DA:52,0
DA:53,0
DA:54,0
DA:55,0
DA:58,0
DA:66,0
DA:76,0
DA:77,0
DA:95,0
DA:102,0
DA:117,0
DA:118,0
DA:119,0
DA:120,0
DA:122,0
DA:123,0
DA:124,0
LF:28
LH:0
BRDA:29,0,0,0
BRDA:29,0,1,0
BRDA:41,1,0,0
BRDA:41,1,1,0
BRDA:42,2,0,0
BRDA:42,2,1,0
BRDA:45,3,0,0
BRDA:45,3,1,0
BRDA:53,4,0,0
BRDA:53,4,1,0
BRDA:54,5,0,0
BRDA:54,5,1,0
BRDA:55,6,0,0
BRDA:55,6,1,0
BRDA:66,7,0,0
BRDA:66,7,1,0
BRDA:117,8,0,0
BRDA:117,8,1,0
BRDA:118,9,0,0
BRDA:118,9,1,0
BRDA:119,10,0,0
BRDA:119,10,1,0
BRDA:122,11,0,0
BRDA:122,11,1,0
BRDA:123,12,0,0
BRDA:123,12,1,0
BRF:26
BRH:0
end_of_record
TN:
SF:src/skills/registry.ts
FN:40,asStringArray
FN:42,(anonymous_1)
FN:46,asRequires
FN:67,parseSkill
FN:113,discoverSkills
FN:131,(anonymous_5)
FN:139,matchSkillsForFile
FN:145,(anonymous_7)
FN:148,(anonymous_8)
FN:159,matchSkillsForTask
FN:164,(anonymous_10)
FN:189,byScoreThenStatus
FN:195,renderSkillIndex
FN:200,(anonymous_13)
FNF:14
FNH:0
FNDA:0,asStringArray
FNDA:0,(anonymous_1)
FNDA:0,asRequires
FNDA:0,parseSkill
FNDA:0,discoverSkills
FNDA:0,(anonymous_5)
FNDA:0,matchSkillsForFile
FNDA:0,(anonymous_7)
FNDA:0,(anonymous_8)
FNDA:0,matchSkillsForTask
FNDA:0,(anonymous_10)
FNDA:0,byScoreThenStatus
FNDA:0,renderSkillIndex
FNDA:0,(anonymous_13)
DA:13,0
DA:15,0
DA:32,0
DA:41,0
DA:42,0
DA:43,0
DA:47,0
DA:48,0
DA:49,0
DA:50,0
DA:51,0
DA:52,0
DA:53,0
DA:54,0
DA:73,0
DA:74,0
DA:76,0
DA:78,0
DA:81,0
DA:82,0
DA:83,0
DA:85,0
DA:86,0
DA:88,0
DA:89,0
DA:94,0
DA:95,0
DA:96,0
DA:99,0
DA:114,0
DA:115,0
DA:116,0
DA:117,0
DA:120,0
DA:121,0
DA:122,0
DA:123,0
DA:124,0
DA:125,0
DA:126,0
DA:128,0
DA:131,0
DA:140,0
DA:141,0
DA:142,0
DA:143,0
DA:144,0
DA:145,0
DA:146,0
DA:147,0
DA:148,0
DA:149,0
DA:152,0
DA:160,0
DA:161,0
DA:162,0
DA:163,0
DA:164,0
DA:165,0
DA:167,0
DA:168,0
DA:169,0
DA:170,0
DA:171,0
DA:172,0
DA:173,0
DA:174,0
DA:177,0
DA:178,0
DA:185,0
DA:190,0
DA:191,0
DA:197,0
DA:198,0
DA:199,0
DA:200,0
DA:202,0
LF:77
LH:0
BRDA:41,0,0,0
BRDA:41,0,1,0
BRDA:43,1,0,0
BRDA:43,1,1,0
BRDA:47,2,0,0
BRDA:47,2,1,0
BRDA:47,3,0,0
BRDA:47,3,1,0
BRDA:51,4,0,0
BRDA:51,4,1,0
BRDA:51,5,0,0
BRDA:51,5,1,0
BRDA:51,5,2,0
BRDA:52,6,0,0
BRDA:52,6,1,0
BRDA:53,7,0,0
BRDA:53,7,1,0
BRDA:54,8,0,0
BRDA:54,8,1,0
BRDA:70,9,0,0
BRDA:81,10,0,0
BRDA:81,10,1,0
BRDA:82,11,0,0
BRDA:82,11,1,0
BRDA:83,12,0,0
BRDA:83,12,1,0
BRDA:85,13,0,0
BRDA:85,13,1,0
BRDA:86,14,0,0
BRDA:86,14,1,0
BRDA:86,15,0,0
BRDA:86,15,1,0
BRDA:88,16,0,0
BRDA:88,16,1,0
BRDA:89,17,0,0
BRDA:89,17,1,0
BRDA:94,18,0,0
BRDA:94,18,1,0
BRDA:95,19,0,0
BRDA:95,19,1,0
BRDA:95,20,0,0
BRDA:95,20,1,0
BRDA:102,21,0,0
BRDA:102,21,1,0
BRDA:117,22,0,0
BRDA:117,22,1,0
BRDA:123,23,0,0
BRDA:123,23,1,0
BRDA:125,24,0,0
BRDA:125,24,1,0
BRDA:128,25,0,0
BRDA:128,25,1,0
BRDA:128,26,0,0
BRDA:128,26,1,0
BRDA:141,27,0,0
BRDA:141,27,1,0
BRDA:144,28,0,0
BRDA:144,28,1,0
BRDA:145,29,0,0
BRDA:145,29,1,0
BRDA:146,30,0,0
BRDA:146,30,1,0
BRDA:148,31,0,0
BRDA:148,31,1,0
BRDA:163,32,0,0
BRDA:163,32,1,0
BRDA:164,33,0,0
BRDA:164,33,1,0
BRDA:164,34,0,0
BRDA:164,34,1,0
BRDA:170,35,0,0
BRDA:170,35,1,0
BRDA:172,36,0,0
BRDA:172,36,1,0
BRDA:177,37,0,0
BRDA:177,37,1,0
BRDA:190,38,0,0
BRDA:190,38,1,0
BRDA:198,39,0,0
BRDA:198,39,1,0
BRDA:200,40,0,0
BRDA:200,40,1,0
BRF:82
BRH:0
end_of_record
TN:
SF:src/skills/resolver.ts
FN:36,skillForFile
FN:71,satisfier
FN:72,(anonymous_2)
FN:73,(anonymous_3)
FN:84,resolveSkillNeeds
FN:88,(anonymous_5)
FN:122,(anonymous_6)
FN:129,renderSkillNeeds
FN:132,(anonymous_8)
FNF:9
FNH:0
FNDA:0,skillForFile
FNDA:0,satisfier
FNDA:0,(anonymous_2)
FNDA:0,(anonymous_3)
FNDA:0,resolveSkillNeeds
FNDA:0,(anonymous_5)
FNDA:0,(anonymous_6)
FNDA:0,renderSkillNeeds
FNDA:0,(anonymous_8)
DA:12,0
DA:37,0
DA:38,0
DA:72,0
DA:73,0
DA:74,0
DA:75,0
DA:76,0
DA:85,0
DA:86,0
DA:88,0
DA:89,0
DA:90,0
DA:91,0
DA:92,0
DA:101,0
DA:102,0
DA:103,0
DA:105,0
DA:106,0
DA:107,0
DA:111,0
DA:112,0
DA:113,0
DA:114,0
DA:122,0
DA:123,0
DA:124,0
DA:130,0
DA:131,0
DA:133,0
DA:135,0
DA:136,0
LF:33
LH:0
BRDA:37,0,0,0
BRDA:37,0,1,0
BRDA:38,1,0,0
BRDA:38,1,1,0
BRDA:74,2,0,0
BRDA:74,2,1,0
BRDA:90,3,0,0
BRDA:90,3,1,0
BRDA:95,4,0,0
BRDA:95,4,1,0
BRDA:97,5,0,0
BRDA:97,5,1,0
BRDA:101,6,0,0
BRDA:101,6,1,0
BRDA:102,7,0,0
BRDA:102,7,1,0
BRDA:105,8,0,0
BRDA:105,8,1,0
BRDA:107,9,0,0
BRDA:107,9,1,0
BRDA:111,10,0,0
BRDA:111,10,1,0
BRDA:113,11,0,0
BRDA:113,11,1,0
BRDA:123,12,0,0
BRDA:123,12,1,0
BRDA:123,13,0,0
BRDA:123,13,1,0
BRDA:130,14,0,0
BRDA:130,14,1,0
BRDA:133,15,0,0
BRDA:133,15,1,0
BRDA:135,16,0,0
BRDA:135,16,1,0
BRF:34
BRH:0
end_of_record
TN:
SF:src/skills/sync.ts
FN:32,skillNames
FN:43,(anonymous_1)
FN:52,pointerBody
FN:75,syncSkillMirrors
FN:93,(anonymous_4)
FN:96,(anonymous_5)
FN:117,verifySkillSync
FNF:7
FNH:0
FNDA:0,skillNames
FNDA:0,(anonymous_1)
FNDA:0,pointerBody
FNDA:0,syncSkillMirrors
FNDA:0,(anonymous_4)
FNDA:0,(anonymous_5)
FNDA:0,verifySkillSync
DA:13,0
DA:14,0
DA:39,0
DA:40,0
DA:41,0
DA:42,0
DA:43,0
DA:44,0
DA:45,0
DA:47,0
DA:53,0
DA:84,0
DA:85,0
DA:86,0
DA:87,0
DA:89,0
DA:90,0
DA:91,0
DA:92,0
DA:93,0
DA:94,0
DA:96,0
DA:97,0
DA:98,0
DA:99,0
DA:100,0
DA:101,0
DA:102,0
DA:103,0
DA:104,0
DA:106,0
DA:108,0
DA:111,0
DA:114,0
DA:118,0
DA:119,0
DA:120,0
DA:121,0
DA:122,0
DA:123,0
DA:124,0
DA:126,0
DA:130,0
LF:43
LH:0
BRDA:34,0,0,0
BRDA:39,1,0,0
BRDA:39,1,1,0
BRDA:40,2,0,0
BRDA:40,2,1,0
BRDA:42,3,0,0
BRDA:42,3,1,0
BRDA:77,4,0,0
BRDA:84,5,0,0
BRDA:84,5,1,0
BRDA:92,6,0,0
BRDA:92,6,1,0
BRDA:103,7,0,0
BRDA:103,7,1,0
BRDA:123,8,0,0
BRDA:123,8,1,0
BRF:16
BRH:0
end_of_record
TN:
SF:src/skills/validator.ts
FN:16,bodyAfterFrontmatter
FN:25,validateSkillDir
FN:94,(anonymous_2)
FN:122,validateSkillRoots
FN:137,(anonymous_4)
FN:139,(anonymous_5)
FN:139,(anonymous_6)
FN:140,(anonymous_7)
FN:140,(anonymous_8)
FNF:9
FNH:0
FNDA:0,bodyAfterFrontmatter
FNDA:0,validateSkillDir
FNDA:0,(anonymous_2)
FNDA:0,validateSkillRoots
FNDA:0,(anonymous_4)
FNDA:0,(anonymous_5)
FNDA:0,(anonymous_6)
FNDA:0,(anonymous_7)
FNDA:0,(anonymous_8)
DA:5,0
DA:6,0
DA:17,0
DA:18,0
DA:19,0
DA:20,0
DA:34,0
DA:35,0
DA:36,0
DA:37,0
DA:38,0
DA:39,0
DA:40,0
DA:42,0
DA:43,0
DA:46,0
DA:47,0
DA:48,0
DA:50,0
DA:58,0
DA:59,0
DA:60,0
DA:62,0
DA:63,0
DA:64,0
DA:67,0
DA:68,0
DA:69,0
DA:72,0
DA:73,0
DA:74,0
DA:77,0
DA:78,0
DA:79,0
DA:81,0
DA:82,0
DA:85,0
DA:86,0
DA:87,0
DA:88,0
DA:90,0
DA:91,0
DA:92,0
DA:93,0
DA:94,0
DA:95,0
DA:103,0
DA:106,0
DA:109,0
DA:123,0
DA:124,0
DA:125,0
DA:126,0
DA:129,0
DA:130,0
DA:131,0
DA:132,0
DA:133,0
DA:136,0
DA:137,0
DA:139,0
DA:140,0
LF:62
LH:0
BRDA:17,0,0,0
BRDA:17,0,1,0
BRDA:19,1,0,0
BRDA:19,1,1,0
BRDA:27,2,0,0
BRDA:34,3,0,0
BRDA:34,3,1,0
BRDA:35,4,0,0
BRDA:35,4,1,0
BRDA:36,5,0,0
BRDA:36,5,1,0
BRDA:37,6,0,0
BRDA:37,6,1,0
BRDA:42,7,0,0
BRDA:42,7,1,0
BRDA:59,8,0,0
BRDA:59,8,1,0
BRDA:60,9,0,0
BRDA:60,9,1,0
BRDA:62,10,0,0
BRDA:62,10,1,0
BRDA:63,11,0,0
BRDA:63,11,1,0
BRDA:67,12,0,0
BRDA:67,12,1,0
BRDA:68,13,0,0
BRDA:68,13,1,0
BRDA:73,14,0,0
BRDA:73,14,1,0
BRDA:73,15,0,0
BRDA:73,15,1,0
BRDA:78,16,0,0
BRDA:78,16,1,0
BRDA:81,17,0,0
BRDA:81,17,1,0
BRDA:81,18,0,0
BRDA:81,18,1,0
BRDA:87,19,0,0
BRDA:87,19,1,0
BRDA:91,20,0,0
BRDA:91,20,1,0
BRDA:93,21,0,0
BRDA:93,21,1,0
BRDA:95,22,0,0
BRDA:95,22,1,0
BRDA:106,23,0,0
BRDA:106,23,1,0
BRDA:126,24,0,0
BRDA:126,24,1,0
BRDA:132,25,0,0
BRDA:132,25,1,0
BRDA:137,26,0,0
BRDA:137,26,1,0
BRF:53
BRH:0
end_of_record
TN:
SF:src/tools/codegraph.ts
FN:36,detect
FN:46,indexBuildStep
FN:58,installPlan
FN:76,mcpConfigFor
FNF:4
FNH:0
FNDA:0,detect
FNDA:0,indexBuildStep
FNDA:0,installPlan
FNDA:0,mcpConfigFor
DA:14,0
DA:16,0
DA:17,0
DA:18,0
DA:24,0
DA:37,0
DA:38,0
DA:42,0
DA:47,0
DA:59,0
DA:77,0
DA:78,0
LF:12
LH:0
BRDA:37,0,0,0
BRDA:37,0,1,0
BRF:2
BRH:0
end_of_record
TN:
SF:src/tools/lsp.ts
FN:98,normalizeLanguage
FN:105,serverKeysFor
FN:115,detect
FN:124,installPlan
FN:140,bridgeArgs
FN:150,mcpServersFor
FNF:6
FNH:0
FNDA:0,normalizeLanguage
FNDA:0,serverKeysFor
FNDA:0,detect
FNDA:0,installPlan
FNDA:0,bridgeArgs
FNDA:0,mcpServersFor
DA:15,0
DA:16,0
DA:17,0
DA:18,0
DA:19,0
DA:30,0
DA:33,0
DA:99,0
DA:100,0
DA:101,0
DA:106,0
DA:107,0
DA:108,0
DA:109,0
DA:111,0
DA:116,0
DA:117,0
DA:125,0
DA:132,0
DA:133,0
DA:134,0
DA:136,0
DA:141,0
DA:142,0
DA:143,0
DA:151,0
DA:152,0
DA:153,0
DA:154,0
DA:155,0
DA:156,0
DA:157,0
DA:159,0
LF:33
LH:0
BRDA:100,0,0,0
BRDA:100,0,1,0
BRDA:101,1,0,0
BRDA:101,1,1,0
BRDA:109,2,0,0
BRDA:109,2,1,0
BRDA:109,3,0,0
BRDA:109,3,1,0
BRDA:116,4,0,0
BRDA:116,4,1,0
BRDA:134,5,0,0
BRDA:134,5,1,0
BRDA:142,6,0,0
BRDA:142,6,1,0
BRDA:154,7,0,0
BRDA:154,7,1,0
BRF:16
BRH:0
end_of_record
TN:
SF:src/ui/escape.ts
FN:5,esc
FNF:1
FNH:0
FNDA:0,esc
DA:6,0
DA:7,0
LF:2
LH:0
BRDA:6,0,0,0
BRDA:6,0,1,0
BRDA:6,1,0,0
BRDA:6,1,1,0
BRF:4
BRH:0
end_of_record
TN:
SF:src/verify/semgrep.ts
FN:39,decideSemgrepResult
FN:73,runSemgrep
FNF:2
FNH:0
FNDA:0,decideSemgrepResult
FNDA:0,runSemgrep
DA:43,0
DA:44,0
DA:48,0
DA:49,0
DA:58,0
DA:59,0
DA:60,0
DA:61,0
DA:63,0
DA:74,0
DA:75,0
DA:76,0
DA:78,0
DA:79,0
DA:85,0
DA:86,0
DA:87,0
DA:95,0
LF:18
LH:0
BRDA:43,0,0,0
BRDA:43,0,1,0
BRDA:48,1,0,0
BRDA:48,1,1,0
BRDA:48,2,0,0
BRDA:48,2,1,0
BRDA:52,3,0,0
BRDA:52,3,1,0
BRDA:52,3,2,0
BRDA:59,4,0,0
BRDA:59,4,1,0
BRDA:60,5,0,0
BRDA:60,5,1,0
BRDA:66,6,0,0
BRDA:66,6,1,0
BRDA:73,7,0,0
BRDA:75,8,0,0
BRDA:75,8,1,0
BRDA:78,9,0,0
BRDA:78,9,1,0
BRDA:86,10,0,0
BRDA:86,10,1,0
BRF:22
BRH:0
end_of_record
TN:
SF:src/workflow/lifecycle.ts
FN:17,(anonymous_0)
FN:18,(anonymous_1)
FN:36,isManagedGenerated
FN:38,(anonymous_3)
FN:50,describeWorkflow
FN:52,(anonymous_5)
FN:60,classifyManagedFiles
FN:92,planDelete
FN:123,applyDelete
FN:138,deleteUnit
FN:144,(anonymous_10)
FN:183,resetImported
FN:195,reconcileCriteria
FN:197,(anonymous_13)
FN:201,placeUnit
FN:207,(anonymous_15)
FN:232,mergeStates
FN:233,(anonymous_17)
FN:237,(anonymous_18)
FN:257,importWorkflow
FNF:20
FNH:0
FNDA:0,(anonymous_0)
FNDA:0,(anonymous_1)
FNDA:0,isManagedGenerated
FNDA:0,(anonymous_3)
FNDA:0,describeWorkflow
FNDA:0,(anonymous_5)
FNDA:0,classifyManagedFiles
FNDA:0,planDelete
FNDA:0,applyDelete
FNDA:0,deleteUnit
FNDA:0,(anonymous_10)
FNDA:0,resetImported
FNDA:0,reconcileCriteria
FNDA:0,(anonymous_13)
FNDA:0,placeUnit
FNDA:0,(anonymous_15)
FNDA:0,mergeStates
FNDA:0,(anonymous_17)
FNDA:0,(anonymous_18)
FNDA:0,importWorkflow
DA:17,0
DA:18,0
DA:21,0
DA:30,0
DA:33,0
DA:37,0
DA:38,0
DA:51,0
DA:52,0
DA:53,0
DA:56,0
DA:64,0
DA:65,0
DA:66,0
DA:67,0
DA:68,0
DA:69,0
DA:70,0
DA:71,0
DA:73,0
DA:78,0
DA:79,0
DA:82,0
DA:97,0
DA:98,0
DA:99,0
DA:100,0
DA:101,0
DA:103,0
DA:104,0
DA:105,0
DA:106,0
DA:107,0
DA:108,0
DA:110,0
DA:112,0
DA:113,0
DA:114,0
DA:115,0
DA:116,0
DA:124,0
DA:125,0
DA:126,0
DA:127,0
DA:128,0
DA:130,0
DA:139,0
DA:140,0
DA:141,0
DA:142,0
DA:143,0
DA:144,0
DA:145,0
DA:146,0
DA:147,0
DA:148,0
DA:149,0
DA:150,0
DA:151,0
DA:184,0
DA:196,0
DA:197,0
DA:207,0
DA:208,0
DA:209,0
DA:210,0
DA:211,0
DA:213,0
DA:214,0
DA:215,0
DA:216,0
DA:217,0
DA:219,0
DA:220,0
DA:221,0
DA:222,0
DA:233,0
DA:234,0
DA:235,0
DA:237,0
DA:243,0
DA:248,0
DA:249,0
DA:262,0
DA:263,0
DA:264,0
DA:265,0
DA:266,0
LF:88
LH:0
BRDA:51,0,0,0
BRDA:51,0,1,0
BRDA:53,1,0,0
BRDA:53,1,1,0
BRDA:68,2,0,0
BRDA:68,2,1,0
BRDA:70,3,0,0
BRDA:70,3,1,0
BRDA:78,4,0,0
BRDA:78,4,1,0
BRDA:94,5,0,0
BRDA:95,6,0,0
BRDA:100,7,0,0
BRDA:100,7,1,0
BRDA:106,8,0,0
BRDA:106,8,1,0
BRDA:108,9,0,0
BRDA:108,9,1,0
BRDA:115,10,0,0
BRDA:115,10,1,0
BRDA:123,11,0,0
BRDA:126,12,0,0
BRDA:126,12,1,0
BRDA:126,13,0,0
BRDA:126,13,1,0
BRDA:141,14,0,0
BRDA:141,14,1,0
BRDA:143,15,0,0
BRDA:143,15,1,0
BRDA:143,16,0,0
BRDA:143,16,1,0
BRDA:143,16,2,0
BRDA:145,17,0,0
BRDA:145,17,1,0
BRDA:150,18,0,0
BRDA:150,18,1,0
BRDA:208,19,0,0
BRDA:208,19,1,0
BRDA:213,20,0,0
BRDA:213,20,1,0
BRDA:214,21,0,0
BRDA:214,21,1,0
BRDA:264,22,0,0
BRDA:264,22,1,0
BRDA:264,23,0,0
BRDA:264,23,1,0
BRDA:265,24,0,0
BRDA:265,24,1,0
BRF:48
BRH:0
end_of_record
TN:
SF:src/workflow/merge.ts
FN:31,fence
FN:46,mergeManagedBlock
FNF:2
FNH:0
FNDA:0,fence
FNDA:0,mergeManagedBlock
DA:8,0
DA:17,0
DA:18,0
DA:32,0
DA:47,0
DA:48,0
DA:50,0
DA:51,0
DA:52,0
DA:53,0
DA:54,0
DA:55,0
DA:56,0
DA:63,0
DA:64,0
DA:67,0
DA:68,0
LF:17
LH:0
BRDA:48,0,0,0
BRDA:48,0,1,0
BRDA:52,1,0,0
BRDA:52,1,1,0
BRDA:52,2,0,0
BRDA:52,2,1,0
BRDA:52,2,2,0
BRDA:57,3,0,0
BRDA:57,3,1,0
BRDA:63,4,0,0
BRDA:63,4,1,0
BRDA:67,5,0,0
BRDA:67,5,1,0
BRF:13
BRH:0
end_of_record
